cbm_hbi_hbi                                       20-Sep-2021 20:23:27
Running hierarchical bayesian inference (HBI)...

HBI has been initialized according to
	epsilon_initi_alpha_mc_mainc.mat [for model 1]
 
Number of samples: 50
Number of models: 1
======================================================================
Iteration 01
Iteration 02
                                                           dL:   32.81
                                                           dx:    0.24
Iteration 03
                                                           dL:   10.49
                                                           dx:    0.17
Iteration 04
                                                           dL:    3.38
                                                           dx:    0.10
Iteration 05
                                                           dL:    1.19
                                                           dx:    0.05
Iteration 06
                                                           dL:    0.48
                                                           dx:    0.03
Iteration 07
                                                           dL:    0.22
                                                           dx:    0.01
Iteration 08
                                                           dL:    0.11
                                                           dx:    0.01
                                                          Converged :]
