cbm_hbi_hbi                                       24-Jun-2021 10:03:27
Running hierarchical bayesian inference (HBI)...

HBI has been initialized according to
	epsilon_init_alpha_mc.mat [for model 1]
	epsilon_init_alpha_mainc.mat [for model 2]
	epsilon_init_alpha_lurec.mat [for model 3]
	epsilon_init_alpha_uc.mat [for model 4]
	epsilon_init_alpha_respc.mat [for model 5]
	epsilon_init_alpha_mc_mainc.mat [for model 6]
	epsilon_init_alpha_mc_lurec.mat [for model 7]
	epsilon_init_alpha_mc_uc.mat [for model 8]
	epsilon_init_alpha_mc_respc.mat [for model 9]
	epsilon_init_alpha_mainc_lurec.mat [for model 10]
	epsilon_init_alpha_mainc_uc.mat [for model 11]
	epsilon_init_alpha_mainc_respc.mat [for model 12]
	epsilon_init_alpha_lurec_respc.mat [for model 13]
	epsilon_init_alpha_uc_respc.mat [for model 14]
	epsilon_init_alpha_mc_mainc_lurec.mat [for model 15]
	epsilon_init_alpha_mc_mainc_uc.mat [for model 16]
	epsilon_init_alpha_mc_mainc_respc.mat [for model 17]
	epsilon_init_alpha_mc_lurec_respc.mat [for model 18]
	epsilon_init_alpha_mc_uc_respc.mat [for model 19]
	epsilon_init_alpha_mainc_uc_respc.mat [for model 20]
 
Number of samples: 100
Number of models: 20
======================================================================
Iteration 01
Iteration 02
	model frequencies (percent)
	model 1: 7.6| model 2: 9.7| model 3: 7.0| model 4: 6.2| model 5: 7.4| model 6: 4.5| model 7: 5.0| model 8: 4.4| model 9: 4.5| model 10: 5.5| model 11: 4.4| model 12: 4.7| model 13: 5.6| model 14: 4.2| model 15: 3.2| model 16: 2.3| model 17: 2.4| model 18: 4.7| model 19: 3.2| model 20: 3.7| 
                                                           dL:  299.29
                                                           dm:   90.34
                                                           dx:    0.33
Iteration 03
	model frequencies (percent)
	model 1: 11.0| model 2: 17.4| model 3: 8.7| model 4: 7.7| model 5: 10.7| model 6: 3.3| model 7: 4.1| model 8: 2.7| model 9: 2.8| model 10: 6.5| model 11: 3.6| model 12: 3.4| model 13: 6.0| model 14: 2.3| model 15: 1.4| model 16: 0.4| model 17: 0.5| model 18: 3.8| model 19: 0.9| model 20: 2.8| 
                                                           dL:   68.36
                                                           dm:    7.74
                                                           dx:    0.22
Iteration 04
	model frequencies (percent)
	model 1: 13.9| model 2: 25.3| model 3: 9.8| model 4: 8.3| model 5: 13.0| model 6: 1.6| model 7: 2.4| model 8: 0.8| model 9: 0.8| model 10: 8.2| model 11: 2.3| model 12: 1.6| model 13: 7.0| model 14: 0.5| model 15: 0.2| model 16: 0.0| model 17: 0.0| model 18: 2.3| model 19: 0.0| model 20: 1.9| 
                                                           dL:   75.30
                                                           dm:    7.95
                                                           dx:    0.28
Iteration 05
	model frequencies (percent)
	model 1: 15.2| model 2: 31.1| model 3: 10.0| model 4: 7.8| model 5: 13.8| model 6: 0.3| model 7: 0.7| model 8: 0.0| model 9: 0.0| model 10: 9.9| model 11: 0.7| model 12: 0.3| model 13: 8.6| model 14: 0.0| model 15: 0.0| model 16: 0.0| model 17: 0.0| model 18: 0.5| model 19: 0.0| model 20: 1.2| 
                                                           dL:   59.59
                                                           dm:    5.77
                                                           dx:    0.48
Iteration 06
	model frequencies (percent)
	model 1: 15.1| model 2: 34.5| model 3: 8.8| model 4: 6.5| model 5: 13.7| model 6: 0.0| model 7: 0.0| model 8: 0.0| model 9: 0.0| model 10: 10.5| model 11: 0.0| model 12: 0.0| model 13: 9.8| model 14: 0.0| model 15: 0.0| model 16: 0.0| model 17: 0.0| model 18: 0.0| model 19: 0.0| model 20: 1.0| 
                                                           dL:   32.66
                                                           dm:    3.38
                                                           dx:    0.64
Iteration 07
	model frequencies (percent)
	model 1: 14.6| model 2: 37.3| model 3: 6.8| model 4: 5.1| model 5: 13.8| model 6: 0.0| model 7: 0.0| model 8: 0.0| model 9: 0.0| model 10: 10.5| model 11: 0.0| model 12: 0.0| model 13: 11.0| model 14: 0.0| model 15: 0.0| model 16: 0.0| model 17: 0.0| model 18: 0.0| model 19: 0.0| model 20: 1.0| 
                                                           dL:    7.74
                                                           dm:    2.80
                                                           dx:    0.48
Iteration 08
	model frequencies (percent)
	model 1: 13.9| model 2: 40.0| model 3: 4.5| model 4: 3.7| model 5: 14.3| model 6: 0.0| model 7: 0.0| model 8: 0.0| model 9: 0.0| model 10: 10.1| model 11: 0.0| model 12: 0.0| model 13: 12.6| model 14: 0.0| model 15: 0.0| model 16: 0.0| model 17: 0.0| model 18: 0.0| model 19: 0.0| model 20: 0.9| 
                                                           dL:    7.63
                                                           dm:    2.70
                                                           dx:    0.24
Iteration 09
	model frequencies (percent)
	model 1: 12.8| model 2: 42.2| model 3: 2.5| model 4: 2.6| model 5: 15.4| model 6: 0.0| model 7: 0.0| model 8: 0.0| model 9: 0.0| model 10: 9.5| model 11: 0.0| model 12: 0.0| model 13: 14.2| model 14: 0.0| model 15: 0.0| model 16: 0.0| model 17: 0.0| model 18: 0.0| model 19: 0.0| model 20: 0.9| 
                                                           dL:    7.69
                                                           dm:    2.16
                                                           dx:    0.13
Iteration 10
	model frequencies (percent)
	model 1: 11.6| model 2: 43.6| model 3: 1.4| model 4: 1.8| model 5: 16.7| model 6: 0.0| model 7: 0.0| model 8: 0.0| model 9: 0.0| model 10: 8.6| model 11: 0.0| model 12: 0.0| model 13: 15.6| model 14: 0.0| model 15: 0.0| model 16: 0.0| model 17: 0.0| model 18: 0.0| model 19: 0.0| model 20: 0.8| 
                                                           dL:    6.09
                                                           dm:    1.40
                                                           dx:    0.22
Iteration 11
	model frequencies (percent)
	model 1: 10.2| model 2: 44.4| model 3: 0.9| model 4: 1.4| model 5: 18.1| model 6: 0.0| model 7: 0.0| model 8: 0.0| model 9: 0.0| model 10: 7.6| model 11: 0.0| model 12: 0.0| model 13: 16.6| model 14: 0.0| model 15: 0.0| model 16: 0.0| model 17: 0.0| model 18: 0.0| model 19: 0.0| model 20: 0.7| 
                                                           dL:    4.08
                                                           dm:    0.80
                                                           dx:    0.29
Iteration 12
	model frequencies (percent)
	model 1: 8.9| model 2: 44.9| model 3: 0.6| model 4: 1.2| model 5: 19.6| model 6: 0.0| model 7: 0.0| model 8: 0.0| model 9: 0.0| model 10: 6.6| model 11: 0.0| model 12: 0.0| model 13: 17.8| model 14: 0.0| model 15: 0.0| model 16: 0.0| model 17: 0.0| model 18: 0.0| model 19: 0.0| model 20: 0.5| 
                                                           dL:    4.17
                                                           dm:    0.51
                                                           dx:    0.17
Iteration 13
	model frequencies (percent)
	model 1: 7.8| model 2: 45.2| model 3: 0.2| model 4: 1.1| model 5: 20.9| model 6: 0.0| model 7: 0.0| model 8: 0.0| model 9: 0.0| model 10: 5.6| model 11: 0.0| model 12: 0.0| model 13: 19.1| model 14: 0.0| model 15: 0.0| model 16: 0.0| model 17: 0.0| model 18: 0.0| model 19: 0.0| model 20: 0.1| 
                                                           dL:    6.54
                                                           dm:    0.29
                                                           dx:    0.17
Iteration 14
	model frequencies (percent)
	model 1: 7.0| model 2: 45.2| model 3: 0.0| model 4: 1.1| model 5: 22.0| model 6: 0.0| model 7: 0.0| model 8: 0.0| model 9: 0.0| model 10: 4.5| model 11: 0.0| model 12: 0.0| model 13: 20.3| model 14: 0.0| model 15: 0.0| model 16: 0.0| model 17: 0.0| model 18: 0.0| model 19: 0.0| model 20: 0.0| 
                                                           dL:    5.90
                                                           dm:    0.02
                                                           dx:    0.92
Iteration 15
	model frequencies (percent)
	model 1: 6.4| model 2: 45.0| model 3: 0.0| model 4: 1.0| model 5: 22.9| model 6: 0.0| model 7: 0.0| model 8: 0.0| model 9: 0.0| model 10: 3.4| model 11: 0.0| model 12: 0.0| model 13: 21.2| model 14: 0.0| model 15: 0.0| model 16: 0.0| model 17: 0.0| model 18: 0.0| model 19: 0.0| model 20: 0.0| 
                                                           dL:    3.08
                                                           dm:    0.13
                                                           dx:    0.55
Iteration 16
	model frequencies (percent)
	model 1: 6.2| model 2: 44.9| model 3: 0.0| model 4: 1.0| model 5: 23.6| model 6: 0.0| model 7: 0.0| model 8: 0.0| model 9: 0.0| model 10: 2.2| model 11: 0.0| model 12: 0.0| model 13: 22.1| model 14: 0.0| model 15: 0.0| model 16: 0.0| model 17: 0.0| model 18: 0.0| model 19: 0.0| model 20: 0.0| 
                                                           dL:    1.98
                                                           dm:    0.15
                                                           dx:    0.06
Iteration 17
	model frequencies (percent)
	model 1: 6.3| model 2: 44.8| model 3: 0.0| model 4: 1.0| model 5: 24.1| model 6: 0.0| model 7: 0.0| model 8: 0.0| model 9: 0.0| model 10: 1.0| model 11: 0.0| model 12: 0.0| model 13: 22.7| model 14: 0.0| model 15: 0.0| model 16: 0.0| model 17: 0.0| model 18: 0.0| model 19: 0.0| model 20: 0.0| 
                                                           dL:    4.42
                                                           dm:    0.09
                                                           dx:    0.04
Iteration 18
	model frequencies (percent)
	model 1: 6.5| model 2: 44.7| model 3: 0.0| model 4: 1.0| model 5: 24.6| model 6: 0.0| model 7: 0.0| model 8: 0.0| model 9: 0.0| model 10: 0.1| model 11: 0.0| model 12: 0.0| model 13: 23.1| model 14: 0.0| model 15: 0.0| model 16: 0.0| model 17: 0.0| model 18: 0.0| model 19: 0.0| model 20: 0.0| 
                                                           dL:    3.24
                                                           dm:    0.12
                                                           dx:    0.07
Iteration 19
	model frequencies (percent)
	model 1: 6.6| model 2: 44.1| model 3: 0.0| model 4: 1.0| model 5: 24.9| model 6: 0.0| model 7: 0.0| model 8: 0.0| model 9: 0.0| model 10: 0.0| model 11: 0.0| model 12: 0.0| model 13: 23.4| model 14: 0.0| model 15: 0.0| model 16: 0.0| model 17: 0.0| model 18: 0.0| model 19: 0.0| model 20: 0.0| 
                                                           dL:    1.79
                                                           dm:    0.60
                                                           dx:    0.20
Iteration 20
	model frequencies (percent)
	model 1: 6.7| model 2: 43.6| model 3: 0.0| model 4: 1.0| model 5: 25.2| model 6: 0.0| model 7: 0.0| model 8: 0.0| model 9: 0.0| model 10: 0.0| model 11: 0.0| model 12: 0.0| model 13: 23.4| model 14: 0.0| model 15: 0.0| model 16: 0.0| model 17: 0.0| model 18: 0.0| model 19: 0.0| model 20: 0.0| 
                                                           dL:    0.16
                                                           dm:    0.47
                                                           dx:    0.03
Iteration 21
	model frequencies (percent)
	model 1: 6.8| model 2: 43.2| model 3: 0.0| model 4: 1.0| model 5: 25.5| model 6: 0.0| model 7: 0.0| model 8: 0.0| model 9: 0.0| model 10: 0.0| model 11: 0.0| model 12: 0.0| model 13: 23.5| model 14: 0.0| model 15: 0.0| model 16: 0.0| model 17: 0.0| model 18: 0.0| model 19: 0.0| model 20: 0.0| 
                                                           dL:    0.00
                                                           dm:    0.43
                                                           dx:    0.01
Iteration 22
	model frequencies (percent)
	model 1: 6.9| model 2: 42.8| model 3: 0.0| model 4: 1.0| model 5: 25.8| model 6: 0.0| model 7: 0.0| model 8: 0.0| model 9: 0.0| model 10: 0.0| model 11: 0.0| model 12: 0.0| model 13: 23.5| model 14: 0.0| model 15: 0.0| model 16: 0.0| model 17: 0.0| model 18: 0.0| model 19: 0.0| model 20: 0.0| 
                                                           dL:    0.21
                                                           dm:    0.38
                                                           dx:    0.01
Iteration 23
	model frequencies (percent)
	model 1: 7.0| model 2: 42.5| model 3: 0.0| model 4: 1.0| model 5: 26.0| model 6: 0.0| model 7: 0.0| model 8: 0.0| model 9: 0.0| model 10: 0.0| model 11: 0.0| model 12: 0.0| model 13: 23.5| model 14: 0.0| model 15: 0.0| model 16: 0.0| model 17: 0.0| model 18: 0.0| model 19: 0.0| model 20: 0.0| 
                                                           dL:   -0.09
                                                           dm:    0.32
                                                           dx:    0.01
                                                          Converged :]
