cbm_hbi_hbi                                       28-Jan-2022 15:53:02
Running hierarchical bayesian inference (HBI)...

HBI has been initialized according to
	epsilon_initi_alpha_mainc.mat [for model 1]
	epsilon_initi_alpha_lurec.mat [for model 2]
	epsilon_initi_alpha_missc.mat [for model 3]
	epsilon_initi_alpha_fac.mat [for model 4]
	epsilon_initi_alpha_mainc_lurec.mat [for model 5]
	epsilon_initi_alpha_mainc_missc.mat [for model 6]
	epsilon_initi_alpha_mainc_fac.mat [for model 7]
	epsilon_initi_alpha_mainc_respc.mat [for model 8]
	epsilon_initi_alpha_lurec_missc.mat [for model 9]
	epsilon_initi_alpha_lurec_fac.mat [for model 10]
	epsilon_initi_alpha_lurec_respc.mat [for model 11]
	epsilon_initi_alpha_missc_fac.mat [for model 12]
	epsilon_initi_alpha_missc_respc.mat [for model 13]
	epsilon_initi_alpha_fac_respc.mat [for model 14]
	epsilon_initi_alpha_mainc_lurec_respc.mat [for model 15]
	epsilon_initi_alpha_mainc_missc_fac.mat [for model 16]
	epsilon_initi_alpha_mainc_fac_respc.mat [for model 17]
	epsilon_initi_alpha_lurec_missc_fac.mat [for model 18]
	epsilon_initi_alpha_mainc_lurec_missc_fac.mat [for model 19]
	epsilon_initi_alpha_mainc_lurec_missc_respc.mat [for model 20]
	epsilon_initi_alpha_mainc_missc_fac_respc.mat [for model 21]
	epsilon_initi_alpha_lurec_missc_fac_respc.mat [for model 22]
	epsilon_initi_alpha_mainc_lurec_missc_fac_respc.mat [for model 23]
	epsilon_initi_deltai_mainc.mat [for model 24]
	epsilon_initi_deltai_lurec.mat [for model 25]
	epsilon_initi_deltai_missc.mat [for model 26]
	epsilon_initi_deltai_fac.mat [for model 27]
	epsilon_initi_deltai_respc.mat [for model 28]
	epsilon_initi_deltai_mainc_lurec.mat [for model 29]
	epsilon_initi_deltai_mainc_missc.mat [for model 30]
	epsilon_initi_deltai_mainc_fac.mat [for model 31]
	epsilon_initi_deltai_mainc_respc.mat [for model 32]
	epsilon_initi_deltai_lurec_missc.mat [for model 33]
	epsilon_initi_deltai_lurec_fac.mat [for model 34]
	epsilon_initi_deltai_lurec_respc.mat [for model 35]
	epsilon_initi_deltai_missc_fac.mat [for model 36]
	epsilon_initi_deltai_mainc_lurec_missc.mat [for model 37]
	epsilon_initi_deltai_mainc_lurec_fac.mat [for model 38]
	epsilon_initi_deltai_mainc_lurec_respc.mat [for model 39]
	epsilon_initi_deltai_mainc_missc_fac.mat [for model 40]
	epsilon_initi_deltai_mainc_missc_respc.mat [for model 41]
	epsilon_initi_deltai_mainc_fac_respc.mat [for model 42]
	epsilon_initi_deltai_lurec_missc_fac.mat [for model 43]
	epsilon_initi_deltai_lurec_missc_respc.mat [for model 44]
	epsilon_initi_deltai_mainc_lurec_missc_fac.mat [for model 45]
	epsilon_initi_deltai_mainc_lurec_fac_respc.mat [for model 46]
	epsilon_initi_deltai_mainc_missc_fac_respc.mat [for model 47]
	epsilon_initi_deltai_mainc_lurec_missc_fac_respc.mat [for model 48]
 
Number of samples: 100
Number of models: 48
======================================================================
Iteration 01
Iteration 02
	model frequencies (percent)
	model 1: 6.1| model 2: 5.9| model 3: 6.0| model 4: 6.1| model 5: 3.7| model 6: 4.0| model 7: 5.0| model 8: 4.3| model 9: 4.5| model 10: 5.3| model 11: 4.4| model 12: 4.4| model 13: 4.2| model 14: 4.6| model 15: 2.7| model 16: 3.4| model 17: 3.7| model 18: 4.2| model 19: 2.8| model 20: 2.2| model 21: 2.8| model 22: 3.7| model 23: 2.4| model 24: 0.3| model 25: 0.3| model 26: 0.2| model 27: 0.1| model 28: 0.1| model 29: 0.2| model 30: 0.2| model 31: 0.1| model 32: 0.3| model 33: 0.2| model 34: 0.1| model 35: 0.2| model 36: 0.2| model 37: 0.1| model 38: 0.2| model 39: 0.1| model 40: 0.1| model 41: 0.1| model 42: 0.1| model 43: 0.1| model 44: 0.1| model 45: 0.0| model 46: 0.1| model 47: 0.0| model 48: 0.1| 
                                                           dL: 1678.84
                                                           dm:   93.88
                                                           dx:    0.87
Iteration 03
	model frequencies (percent)
	model 1: 13.0| model 2: 11.2| model 3: 11.0| model 4: 10.0| model 5: 2.6| model 6: 3.6| model 7: 7.1| model 8: 4.4| model 9: 4.4| model 10: 6.9| model 11: 4.1| model 12: 3.8| model 13: 3.6| model 14: 4.1| model 15: 0.7| model 16: 1.6| model 17: 2.3| model 18: 2.7| model 19: 0.5| model 20: 0.2| model 21: 0.6| model 22: 1.5| model 23: 0.2| model 24: 0.0| model 25: 0.0| model 26: 0.0| model 27: 0.0| model 28: 0.0| model 29: 0.0| model 30: 0.0| model 31: 0.0| model 32: 0.0| model 33: 0.0| model 34: 0.0| model 35: 0.0| model 36: 0.0| model 37: 0.0| model 38: 0.0| model 39: 0.0| model 40: 0.0| model 41: 0.0| model 42: 0.0| model 43: 0.0| model 44: 0.0| model 45: 0.0| model 46: 0.0| model 47: 0.0| model 48: 0.0| 
                                                           dL:  248.62
                                                           dm:    6.98
                                                           dx:    0.71
Iteration 04
	model frequencies (percent)
	model 1: 26.2| model 2: 17.1| model 3: 16.2| model 4: 11.8| model 5: 0.5| model 6: 1.4| model 7: 9.0| model 8: 2.8| model 9: 2.1| model 10: 6.4| model 11: 1.6| model 12: 1.3| model 13: 1.3| model 14: 1.6| model 15: 0.0| model 16: 0.1| model 17: 0.3| model 18: 0.4| model 19: 0.0| model 20: 0.0| model 21: 0.0| model 22: 0.0| model 23: 0.0| model 24: 0.0| model 25: 0.0| model 26: 0.0| model 27: 0.0| model 28: 0.0| model 29: 0.0| model 30: 0.0| model 31: 0.0| model 32: 0.0| model 33: 0.0| model 34: 0.0| model 35: 0.0| model 36: 0.0| model 37: 0.0| model 38: 0.0| model 39: 0.0| model 40: 0.0| model 41: 0.0| model 42: 0.0| model 43: 0.0| model 44: 0.0| model 45: 0.0| model 46: 0.0| model 47: 0.0| model 48: 0.0| 
                                                           dL:  187.34
                                                           dm:   13.14
                                                           dx:    1.28
Iteration 05
	model frequencies (percent)
	model 1: 39.6| model 2: 18.8| model 3: 16.9| model 4: 11.0| model 5: 0.0| model 6: 0.0| model 7: 9.0| model 8: 0.4| model 9: 0.2| model 10: 4.0| model 11: 0.1| model 12: 0.0| model 13: 0.0| model 14: 0.0| model 15: 0.0| model 16: 0.0| model 17: 0.0| model 18: 0.0| model 19: 0.0| model 20: 0.0| model 21: 0.0| model 22: 0.0| model 23: 0.0| model 24: 0.0| model 25: 0.0| model 26: 0.0| model 27: 0.0| model 28: 0.0| model 29: 0.0| model 30: 0.0| model 31: 0.0| model 32: 0.0| model 33: 0.0| model 34: 0.0| model 35: 0.0| model 36: 0.0| model 37: 0.0| model 38: 0.0| model 39: 0.0| model 40: 0.0| model 41: 0.0| model 42: 0.0| model 43: 0.0| model 44: 0.0| model 45: 0.0| model 46: 0.0| model 47: 0.0| model 48: 0.0| 
                                                           dL:  121.47
                                                           dm:   13.37
                                                           dx:    0.39
Iteration 06
	model frequencies (percent)
	model 1: 48.7| model 2: 17.6| model 3: 13.8| model 4: 9.8| model 5: 0.0| model 6: 0.0| model 7: 8.0| model 8: 0.0| model 9: 0.0| model 10: 2.1| model 11: 0.0| model 12: 0.0| model 13: 0.0| model 14: 0.0| model 15: 0.0| model 16: 0.0| model 17: 0.0| model 18: 0.0| model 19: 0.0| model 20: 0.0| model 21: 0.0| model 22: 0.0| model 23: 0.0| model 24: 0.0| model 25: 0.0| model 26: 0.0| model 27: 0.0| model 28: 0.0| model 29: 0.0| model 30: 0.0| model 31: 0.0| model 32: 0.0| model 33: 0.0| model 34: 0.0| model 35: 0.0| model 36: 0.0| model 37: 0.0| model 38: 0.0| model 39: 0.0| model 40: 0.0| model 41: 0.0| model 42: 0.0| model 43: 0.0| model 44: 0.0| model 45: 0.0| model 46: 0.0| model 47: 0.0| model 48: 0.0| 
                                                           dL:   32.37
                                                           dm:    9.14
                                                           dx:    0.39
Iteration 07
	model frequencies (percent)
	model 1: 55.9| model 2: 16.6| model 3: 10.0| model 4: 9.1| model 5: 0.0| model 6: 0.0| model 7: 7.1| model 8: 0.0| model 9: 0.0| model 10: 1.3| model 11: 0.0| model 12: 0.0| model 13: 0.0| model 14: 0.0| model 15: 0.0| model 16: 0.0| model 17: 0.0| model 18: 0.0| model 19: 0.0| model 20: 0.0| model 21: 0.0| model 22: 0.0| model 23: 0.0| model 24: 0.0| model 25: 0.0| model 26: 0.0| model 27: 0.0| model 28: 0.0| model 29: 0.0| model 30: 0.0| model 31: 0.0| model 32: 0.0| model 33: 0.0| model 34: 0.0| model 35: 0.0| model 36: 0.0| model 37: 0.0| model 38: 0.0| model 39: 0.0| model 40: 0.0| model 41: 0.0| model 42: 0.0| model 43: 0.0| model 44: 0.0| model 45: 0.0| model 46: 0.0| model 47: 0.0| model 48: 0.0| 
                                                           dL:   10.50
                                                           dm:    7.24
                                                           dx:    0.34
Iteration 08
	model frequencies (percent)
	model 1: 61.6| model 2: 15.9| model 3: 6.6| model 4: 8.4| model 5: 0.0| model 6: 0.0| model 7: 6.5| model 8: 0.0| model 9: 0.0| model 10: 1.0| model 11: 0.0| model 12: 0.0| model 13: 0.0| model 14: 0.0| model 15: 0.0| model 16: 0.0| model 17: 0.0| model 18: 0.0| model 19: 0.0| model 20: 0.0| model 21: 0.0| model 22: 0.0| model 23: 0.0| model 24: 0.0| model 25: 0.0| model 26: 0.0| model 27: 0.0| model 28: 0.0| model 29: 0.0| model 30: 0.0| model 31: 0.0| model 32: 0.0| model 33: 0.0| model 34: 0.0| model 35: 0.0| model 36: 0.0| model 37: 0.0| model 38: 0.0| model 39: 0.0| model 40: 0.0| model 41: 0.0| model 42: 0.0| model 43: 0.0| model 44: 0.0| model 45: 0.0| model 46: 0.0| model 47: 0.0| model 48: 0.0| 
                                                           dL:    7.66
                                                           dm:    5.66
                                                           dx:    0.24
Iteration 09
	model frequencies (percent)
	model 1: 65.7| model 2: 15.2| model 3: 4.2| model 4: 7.8| model 5: 0.0| model 6: 0.0| model 7: 6.0| model 8: 0.0| model 9: 0.0| model 10: 1.0| model 11: 0.0| model 12: 0.0| model 13: 0.0| model 14: 0.0| model 15: 0.0| model 16: 0.0| model 17: 0.0| model 18: 0.0| model 19: 0.0| model 20: 0.0| model 21: 0.0| model 22: 0.0| model 23: 0.0| model 24: 0.0| model 25: 0.0| model 26: 0.0| model 27: 0.0| model 28: 0.0| model 29: 0.0| model 30: 0.0| model 31: 0.0| model 32: 0.0| model 33: 0.0| model 34: 0.0| model 35: 0.0| model 36: 0.0| model 37: 0.0| model 38: 0.0| model 39: 0.0| model 40: 0.0| model 41: 0.0| model 42: 0.0| model 43: 0.0| model 44: 0.0| model 45: 0.0| model 46: 0.0| model 47: 0.0| model 48: 0.0| 
                                                           dL:    5.32
                                                           dm:    4.12
                                                           dx:    0.12
Iteration 10
	model frequencies (percent)
	model 1: 68.5| model 2: 14.7| model 3: 2.5| model 4: 7.6| model 5: 0.0| model 6: 0.0| model 7: 5.7| model 8: 0.0| model 9: 0.0| model 10: 1.0| model 11: 0.0| model 12: 0.0| model 13: 0.0| model 14: 0.0| model 15: 0.0| model 16: 0.0| model 17: 0.0| model 18: 0.0| model 19: 0.0| model 20: 0.0| model 21: 0.0| model 22: 0.0| model 23: 0.0| model 24: 0.0| model 25: 0.0| model 26: 0.0| model 27: 0.0| model 28: 0.0| model 29: 0.0| model 30: 0.0| model 31: 0.0| model 32: 0.0| model 33: 0.0| model 34: 0.0| model 35: 0.0| model 36: 0.0| model 37: 0.0| model 38: 0.0| model 39: 0.0| model 40: 0.0| model 41: 0.0| model 42: 0.0| model 43: 0.0| model 44: 0.0| model 45: 0.0| model 46: 0.0| model 47: 0.0| model 48: 0.0| 
                                                           dL:    3.98
                                                           dm:    2.81
                                                           dx:    0.04
Iteration 11
	model frequencies (percent)
	model 1: 70.4| model 2: 14.5| model 3: 0.9| model 4: 7.7| model 5: 0.0| model 6: 0.0| model 7: 5.5| model 8: 0.0| model 9: 0.0| model 10: 1.0| model 11: 0.0| model 12: 0.0| model 13: 0.0| model 14: 0.0| model 15: 0.0| model 16: 0.0| model 17: 0.0| model 18: 0.0| model 19: 0.0| model 20: 0.0| model 21: 0.0| model 22: 0.0| model 23: 0.0| model 24: 0.0| model 25: 0.0| model 26: 0.0| model 27: 0.0| model 28: 0.0| model 29: 0.0| model 30: 0.0| model 31: 0.0| model 32: 0.0| model 33: 0.0| model 34: 0.0| model 35: 0.0| model 36: 0.0| model 37: 0.0| model 38: 0.0| model 39: 0.0| model 40: 0.0| model 41: 0.0| model 42: 0.0| model 43: 0.0| model 44: 0.0| model 45: 0.0| model 46: 0.0| model 47: 0.0| model 48: 0.0| 
                                                           dL:    5.83
                                                           dm:    1.83
                                                           dx:    0.02
Iteration 12
	model frequencies (percent)
	model 1: 71.0| model 2: 14.5| model 3: 0.0| model 4: 8.1| model 5: 0.0| model 6: 0.0| model 7: 5.4| model 8: 0.0| model 9: 0.0| model 10: 1.0| model 11: 0.0| model 12: 0.0| model 13: 0.0| model 14: 0.0| model 15: 0.0| model 16: 0.0| model 17: 0.0| model 18: 0.0| model 19: 0.0| model 20: 0.0| model 21: 0.0| model 22: 0.0| model 23: 0.0| model 24: 0.0| model 25: 0.0| model 26: 0.0| model 27: 0.0| model 28: 0.0| model 29: 0.0| model 30: 0.0| model 31: 0.0| model 32: 0.0| model 33: 0.0| model 34: 0.0| model 35: 0.0| model 36: 0.0| model 37: 0.0| model 38: 0.0| model 39: 0.0| model 40: 0.0| model 41: 0.0| model 42: 0.0| model 43: 0.0| model 44: 0.0| model 45: 0.0| model 46: 0.0| model 47: 0.0| model 48: 0.0| 
                                                           dL:    6.22
                                                           dm:    0.69
                                                           dx:    0.08
Iteration 13
	model frequencies (percent)
	model 1: 71.1| model 2: 14.4| model 3: 0.0| model 4: 8.2| model 5: 0.0| model 6: 0.0| model 7: 5.3| model 8: 0.0| model 9: 0.0| model 10: 1.0| model 11: 0.0| model 12: 0.0| model 13: 0.0| model 14: 0.0| model 15: 0.0| model 16: 0.0| model 17: 0.0| model 18: 0.0| model 19: 0.0| model 20: 0.0| model 21: 0.0| model 22: 0.0| model 23: 0.0| model 24: 0.0| model 25: 0.0| model 26: 0.0| model 27: 0.0| model 28: 0.0| model 29: 0.0| model 30: 0.0| model 31: 0.0| model 32: 0.0| model 33: 0.0| model 34: 0.0| model 35: 0.0| model 36: 0.0| model 37: 0.0| model 38: 0.0| model 39: 0.0| model 40: 0.0| model 41: 0.0| model 42: 0.0| model 43: 0.0| model 44: 0.0| model 45: 0.0| model 46: 0.0| model 47: 0.0| model 48: 0.0| 
                                                           dL:    1.23
                                                           dm:    0.03
                                                           dx:    0.12
Iteration 14
	model frequencies (percent)
	model 1: 71.0| model 2: 14.4| model 3: 0.0| model 4: 8.4| model 5: 0.0| model 6: 0.0| model 7: 5.1| model 8: 0.0| model 9: 0.0| model 10: 1.0| model 11: 0.0| model 12: 0.0| model 13: 0.0| model 14: 0.0| model 15: 0.0| model 16: 0.0| model 17: 0.0| model 18: 0.0| model 19: 0.0| model 20: 0.0| model 21: 0.0| model 22: 0.0| model 23: 0.0| model 24: 0.0| model 25: 0.0| model 26: 0.0| model 27: 0.0| model 28: 0.0| model 29: 0.0| model 30: 0.0| model 31: 0.0| model 32: 0.0| model 33: 0.0| model 34: 0.0| model 35: 0.0| model 36: 0.0| model 37: 0.0| model 38: 0.0| model 39: 0.0| model 40: 0.0| model 41: 0.0| model 42: 0.0| model 43: 0.0| model 44: 0.0| model 45: 0.0| model 46: 0.0| model 47: 0.0| model 48: 0.0| 
                                                           dL:    0.48
                                                           dm:    0.03
                                                           dx:    0.16
Iteration 15
	model frequencies (percent)
	model 1: 71.0| model 2: 14.5| model 3: 0.0| model 4: 8.6| model 5: 0.0| model 6: 0.0| model 7: 5.0| model 8: 0.0| model 9: 0.0| model 10: 1.0| model 11: 0.0| model 12: 0.0| model 13: 0.0| model 14: 0.0| model 15: 0.0| model 16: 0.0| model 17: 0.0| model 18: 0.0| model 19: 0.0| model 20: 0.0| model 21: 0.0| model 22: 0.0| model 23: 0.0| model 24: 0.0| model 25: 0.0| model 26: 0.0| model 27: 0.0| model 28: 0.0| model 29: 0.0| model 30: 0.0| model 31: 0.0| model 32: 0.0| model 33: 0.0| model 34: 0.0| model 35: 0.0| model 36: 0.0| model 37: 0.0| model 38: 0.0| model 39: 0.0| model 40: 0.0| model 41: 0.0| model 42: 0.0| model 43: 0.0| model 44: 0.0| model 45: 0.0| model 46: 0.0| model 47: 0.0| model 48: 0.0| 
                                                           dL:    0.32
                                                           dm:    0.06
                                                           dx:    0.01
                                                          Converged :]
