cbm_hbi_hbi                                       16-Aug-2021 15:20:14
Running hierarchical bayesian inference (HBI)...

HBI has been initialized according to
	epsilon_init_alpha_mc.mat [for model 1]
	epsilon_init_alpha_mainc.mat [for model 2]
	epsilon_init_alpha_lurec.mat [for model 3]
	epsilon_init_alpha_uc.mat [for model 4]
	epsilon_init_alpha_respc.mat [for model 5]
	epsilon_init_alpha_mc_mainc.mat [for model 6]
	epsilon_init_alpha_mc_lurec.mat [for model 7]
	epsilon_init_alpha_mc_uc.mat [for model 8]
	epsilon_init_alpha_mc_respc.mat [for model 9]
	epsilon_init_alpha_mainc_lurec.mat [for model 10]
	epsilon_init_alpha_mainc_uc.mat [for model 11]
	epsilon_init_alpha_mainc_respc.mat [for model 12]
	epsilon_init_alpha_lurec_uc.mat [for model 13]
	epsilon_init_alpha_lurec_respc.mat [for model 14]
	epsilon_init_alpha_uc_respc.mat [for model 15]
	epsilon_init_alpha_mc_mainc_lurec.mat [for model 16]
	epsilon_init_alpha_mc_mainc_uc.mat [for model 17]
	epsilon_init_alpha_mc_mainc_respc.mat [for model 18]
	epsilon_init_alpha_mc_lurec_uc.mat [for model 19]
	epsilon_init_alpha_mc_lurec_respc.mat [for model 20]
	epsilon_init_alpha_mc_uc_respc.mat [for model 21]
	epsilon_init_alpha_mainc_lurec_uc.mat [for model 22]
	epsilon_init_alpha_mainc_lurec_respc.mat [for model 23]
	epsilon_init_alpha_mainc_uc_respc.mat [for model 24]
	epsilon_init_alpha_lurec_uc_respc.mat [for model 25]
	epsilon_init_alpha_mc_mainc_lurec_uc.mat [for model 26]
	epsilon_init_alpha_mc_mainc_lurec_respc.mat [for model 27]
	epsilon_init_alpha_mc_mainc_uc_respc.mat [for model 28]
	epsilon_init_alpha_mc_lurec_uc_respc.mat [for model 29]
	epsilon_init_alpha_mainc_lurec_uc_respc.mat [for model 30]
	epsilon_init_alpha_mc_mainc_lurec_uc_respc.mat [for model 31]
	epsilon_init_deltai_mainc.mat [for model 32]
	epsilon_init_deltai_lurec.mat [for model 33]
	epsilon_init_deltai_respc.mat [for model 34]
	epsilon_init_deltai_mainc_lurec.mat [for model 35]
	epsilon_init_deltai_mainc_respc.mat [for model 36]
	epsilon_init_deltai_lurec_respc.mat [for model 37]
 
Number of samples: 100
Number of models: 37
======================================================================
Iteration 01
Iteration 02
	model frequencies (percent)
	model 1: 5.0| model 2: 5.6| model 3: 4.1| model 4: 4.0| model 5: 4.9| model 6: 2.8| model 7: 2.9| model 8: 2.9| model 9: 3.1| model 10: 2.7| model 11: 2.6| model 12: 2.8| model 13: 2.8| model 14: 2.9| model 15: 2.6| model 16: 1.4| model 17: 1.3| model 18: 1.5| model 19: 2.1| model 20: 2.2| model 21: 1.9| model 22: 1.7| model 23: 1.8| model 24: 1.7| model 25: 2.8| model 26: 0.8| model 27: 1.1| model 28: 0.9| model 29: 1.8| model 30: 1.3| model 31: 0.7| model 32: 7.2| model 33: 2.1| model 34: 4.6| model 35: 4.3| model 36: 1.5| model 37: 3.6| 
                                                           dL:  745.11
                                                           dm:   92.76
                                                           dx:    0.42
Iteration 03
	model frequencies (percent)
	model 1: 9.6| model 2: 10.6| model 3: 5.9| model 4: 5.8| model 5: 8.4| model 6: 1.9| model 7: 2.3| model 8: 2.0| model 9: 2.1| model 10: 2.4| model 11: 1.9| model 12: 1.9| model 13: 2.0| model 14: 2.1| model 15: 1.4| model 16: 0.2| model 17: 0.1| model 18: 0.2| model 19: 0.6| model 20: 0.8| model 21: 0.4| model 22: 0.5| model 23: 1.2| model 24: 0.5| model 25: 2.2| model 26: 0.0| model 27: 0.1| model 28: 0.0| model 29: 0.3| model 30: 0.3| model 31: 0.0| model 32: 15.8| model 33: 1.1| model 34: 5.7| model 35: 6.1| model 36: 0.3| model 37: 3.1| 
                                                           dL:  168.72
                                                           dm:    8.52
                                                           dx:    0.35
Iteration 04
	model frequencies (percent)
	model 1: 14.1| model 2: 15.1| model 3: 7.3| model 4: 6.5| model 5: 10.3| model 6: 0.5| model 7: 1.0| model 8: 0.5| model 9: 0.5| model 10: 1.4| model 11: 0.7| model 12: 0.5| model 13: 0.7| model 14: 0.8| model 15: 0.2| model 16: 0.0| model 17: 0.0| model 18: 0.0| model 19: 0.0| model 20: 0.0| model 21: 0.0| model 22: 0.0| model 23: 1.1| model 24: 0.0| model 25: 1.8| model 26: 0.0| model 27: 0.0| model 28: 0.0| model 29: 0.0| model 30: 0.0| model 31: 0.0| model 32: 21.6| model 33: 0.4| model 34: 4.8| model 35: 8.3| model 36: 0.0| model 37: 1.9| 
                                                           dL:  131.91
                                                           dm:    5.83
                                                           dx:    0.55
Iteration 05
	model frequencies (percent)
	model 1: 16.8| model 2: 18.0| model 3: 8.5| model 4: 5.8| model 5: 10.1| model 6: 0.0| model 7: 0.1| model 8: 0.0| model 9: 0.0| model 10: 0.4| model 11: 0.0| model 12: 0.0| model 13: 0.0| model 14: 0.1| model 15: 0.0| model 16: 0.0| model 17: 0.0| model 18: 0.0| model 19: 0.0| model 20: 0.0| model 21: 0.0| model 22: 0.0| model 23: 1.1| model 24: 0.0| model 25: 1.3| model 26: 0.0| model 27: 0.0| model 28: 0.0| model 29: 0.0| model 30: 0.0| model 31: 0.0| model 32: 23.5| model 33: 0.1| model 34: 3.5| model 35: 10.4| model 36: 0.0| model 37: 0.4| 
                                                           dL:   71.12
                                                           dm:    1.90
                                                           dx:    0.60
Iteration 06
