cbm_hbi_hbi                                       09-Sep-2021 11:52:26
Running hierarchical bayesian inference (HBI)...

HBI has been initialized according to
	epsilon_init_alpha_mc.mat [for model 1]
	epsilon_init_alpha_mainc.mat [for model 2]
	epsilon_init_alpha_lurec.mat [for model 3]
	epsilon_init_alpha_uc.mat [for model 4]
	epsilon_init_alpha_respc.mat [for model 5]
	epsilon_init_alpha_mc_mainc.mat [for model 6]
	epsilon_init_alpha_mc_lurec.mat [for model 7]
	epsilon_init_alpha_mc_uc.mat [for model 8]
	epsilon_init_alpha_mc_respc.mat [for model 9]
	epsilon_init_alpha_mainc_lurec.mat [for model 10]
	epsilon_init_alpha_mainc_uc.mat [for model 11]
	epsilon_init_alpha_mainc_respc.mat [for model 12]
	epsilon_init_alpha_lurec_uc.mat [for model 13]
	epsilon_init_alpha_lurec_respc.mat [for model 14]
	epsilon_init_alpha_uc_respc.mat [for model 15]
	epsilon_init_alpha_mc_mainc_lurec.mat [for model 16]
	epsilon_init_alpha_mc_mainc_uc.mat [for model 17]
	epsilon_init_alpha_mc_mainc_respc.mat [for model 18]
	epsilon_init_alpha_mc_lurec_uc.mat [for model 19]
	epsilon_init_alpha_mc_lurec_respc.mat [for model 20]
	epsilon_init_alpha_mc_uc_respc.mat [for model 21]
	epsilon_init_alpha_mainc_lurec_uc.mat [for model 22]
	epsilon_init_alpha_mainc_lurec_respc.mat [for model 23]
	epsilon_init_alpha_mainc_uc_respc.mat [for model 24]
	epsilon_init_alpha_lurec_uc_respc.mat [for model 25]
	epsilon_init_alpha_mc_mainc_lurec_uc.mat [for model 26]
	epsilon_init_alpha_mc_mainc_lurec_respc.mat [for model 27]
	epsilon_init_alpha_mc_mainc_uc_respc.mat [for model 28]
	epsilon_init_alpha_mc_lurec_uc_respc.mat [for model 29]
	epsilon_init_alpha_mainc_lurec_uc_respc.mat [for model 30]
	epsilon_init_alpha_mc_mainc_lurec_uc_respc.mat [for model 31]
	epsilon_init_deltai_mc.mat [for model 32]
	epsilon_init_deltai_mainc.mat [for model 33]
	epsilon_init_deltai_lurec.mat [for model 34]
	epsilon_init_deltai_respc.mat [for model 35]
	epsilon_init_deltai_mc_mainc.mat [for model 36]
	epsilon_init_deltai_mc_respc.mat [for model 37]
	epsilon_init_deltai_mainc_lurec.mat [for model 38]
	epsilon_init_deltai_mainc_respc.mat [for model 39]
	epsilon_init_deltai_lurec_respc.mat [for model 40]
	epsilon_init_deltai_mc_mainc_lurec.mat [for model 41]
	epsilon_init_deltai_mc_mainc_respc.mat [for model 42]
	epsilon_init_deltai_mc_lurec_respc.mat [for model 43]
	epsilon_init_deltai_mainc_lurec_respc.mat [for model 44]
 
Number of samples: 100
Number of models: 44
======================================================================
Iteration 01
Iteration 02
	model frequencies (percent)
	model 1: 4.6| model 2: 5.1| model 3: 3.8| model 4: 3.8| model 5: 4.6| model 6: 2.7| model 7: 2.8| model 8: 2.7| model 9: 3.0| model 10: 2.7| model 11: 2.5| model 12: 2.7| model 13: 2.8| model 14: 2.8| model 15: 2.6| model 16: 1.5| model 17: 1.3| model 18: 1.5| model 19: 2.1| model 20: 2.2| model 21: 1.9| model 22: 1.7| model 23: 1.9| model 24: 1.7| model 25: 2.8| model 26: 0.9| model 27: 1.2| model 28: 1.0| model 29: 1.9| model 30: 1.4| model 31: 0.8| model 32: 1.7| model 33: 5.3| model 34: 1.2| model 35: 3.3| model 36: 1.9| model 37: 1.7| model 38: 2.8| model 39: 1.0| model 40: 1.9| model 41: 1.5| model 42: 0.6| model 43: 1.3| model 44: 0.7| 
                                                           dL:  936.51
                                                           dm:   94.70
                                                           dx:    0.43
Iteration 03
	model frequencies (percent)
	model 1: 9.4| model 2: 11.2| model 3: 6.1| model 4: 6.3| model 5: 9.2| model 6: 2.2| model 7: 2.5| model 8: 2.1| model 9: 2.4| model 10: 3.1| model 11: 2.3| model 12: 2.1| model 13: 2.3| model 14: 2.3| model 15: 1.7| model 16: 0.4| model 17: 0.2| model 18: 0.3| model 19: 0.8| model 20: 1.1| model 21: 0.5| model 22: 0.8| model 23: 1.5| model 24: 0.6| model 25: 2.7| model 26: 0.0| model 27: 0.2| model 28: 0.0| model 29: 0.5| model 30: 0.4| model 31: 0.0| model 32: 1.3| model 33: 11.7| model 34: 0.5| model 35: 4.2| model 36: 0.7| model 37: 0.6| model 38: 4.1| model 39: 0.1| model 40: 1.2| model 41: 0.4| model 42: 0.0| model 43: 0.2| model 44: 0.0| 
                                                           dL:  206.95
                                                           dm:    6.43
                                                           dx:    0.32
Iteration 04
	model frequencies (percent)
	model 1: 13.6| model 2: 16.7| model 3: 7.5| model 4: 7.5| model 5: 11.8| model 6: 0.7| model 7: 1.3| model 8: 0.6| model 9: 0.7| model 10: 3.4| model 11: 1.1| model 12: 0.6| model 13: 1.0| model 14: 1.0| model 15: 0.3| model 16: 0.0| model 17: 0.0| model 18: 0.0| model 19: 0.0| model 20: 0.1| model 21: 0.0| model 22: 0.0| model 23: 1.4| model 24: 0.0| model 25: 2.6| model 26: 0.0| model 27: 0.0| model 28: 0.0| model 29: 0.0| model 30: 0.0| model 31: 0.0| model 32: 1.2| model 33: 16.7| model 34: 0.1| model 35: 3.7| model 36: 0.0| model 37: 0.0| model 38: 6.0| model 39: 0.0| model 40: 0.2| model 41: 0.0| model 42: 0.0| model 43: 0.0| model 44: 0.0| 
                                                           dL:  164.78
                                                           dm:    5.01
                                                           dx:    0.47
Iteration 05
	model frequencies (percent)
	model 1: 15.5| model 2: 19.8| model 3: 8.4| model 4: 6.9| model 5: 12.0| model 6: 0.0| model 7: 0.2| model 8: 0.0| model 9: 0.0| model 10: 3.5| model 11: 0.1| model 12: 0.0| model 13: 0.1| model 14: 0.1| model 15: 0.0| model 16: 0.0| model 17: 0.0| model 18: 0.0| model 19: 0.0| model 20: 0.0| model 21: 0.0| model 22: 0.0| model 23: 1.2| model 24: 0.0| model 25: 2.2| model 26: 0.0| model 27: 0.0| model 28: 0.0| model 29: 0.0| model 30: 0.0| model 31: 0.0| model 32: 1.1| model 33: 19.0| model 34: 0.0| model 35: 2.6| model 36: 0.0| model 37: 0.0| model 38: 7.4| model 39: 0.0| model 40: 0.0| model 41: 0.0| model 42: 0.0| model 43: 0.0| model 44: 0.0| 
                                                           dL:   69.40
                                                           dm:    3.09
                                                           dx:    0.58
Iteration 06
	model frequencies (percent)
	model 1: 15.8| model 2: 21.9| model 3: 9.3| model 4: 5.4| model 5: 11.4| model 6: 0.0| model 7: 0.0| model 8: 0.0| model 9: 0.0| model 10: 3.0| model 11: 0.0| model 12: 0.0| model 13: 0.0| model 14: 0.0| model 15: 0.0| model 16: 0.0| model 17: 0.0| model 18: 0.0| model 19: 0.0| model 20: 0.0| model 21: 0.0| model 22: 0.0| model 23: 1.0| model 24: 0.0| model 25: 1.5| model 26: 0.0| model 27: 0.0| model 28: 0.0| model 29: 0.0| model 30: 0.0| model 31: 0.0| model 32: 1.0| model 33: 20.1| model 34: 0.0| model 35: 1.5| model 36: 0.0| model 37: 0.0| model 38: 8.0| model 39: 0.0| model 40: 0.0| model 41: 0.0| model 42: 0.0| model 43: 0.0| model 44: 0.0| 
                                                           dL:   22.16
                                                           dm:    2.11
                                                           dx:    0.51
Iteration 07
	model frequencies (percent)
	model 1: 15.6| model 2: 24.2| model 3: 10.8| model 4: 3.8| model 5: 10.8| model 6: 0.0| model 7: 0.0| model 8: 0.0| model 9: 0.0| model 10: 2.0| model 11: 0.0| model 12: 0.0| model 13: 0.0| model 14: 0.0| model 15: 0.0| model 16: 0.0| model 17: 0.0| model 18: 0.0| model 19: 0.0| model 20: 0.0| model 21: 0.0| model 22: 0.0| model 23: 1.0| model 24: 0.0| model 25: 1.0| model 26: 0.0| model 27: 0.0| model 28: 0.0| model 29: 0.0| model 30: 0.0| model 31: 0.0| model 32: 1.0| model 33: 20.9| model 34: 0.0| model 35: 0.5| model 36: 0.0| model 37: 0.0| model 38: 8.3| model 39: 0.0| model 40: 0.0| model 41: 0.0| model 42: 0.0| model 43: 0.0| model 44: 0.0| 
                                                           dL:   10.14
                                                           dm:    2.35
                                                           dx:    0.44
Iteration 08
	model frequencies (percent)
	model 1: 15.0| model 2: 26.7| model 3: 12.4| model 4: 2.4| model 5: 10.1| model 6: 0.0| model 7: 0.0| model 8: 0.0| model 9: 0.0| model 10: 0.9| model 11: 0.0| model 12: 0.0| model 13: 0.0| model 14: 0.0| model 15: 0.0| model 16: 0.0| model 17: 0.0| model 18: 0.0| model 19: 0.0| model 20: 0.0| model 21: 0.0| model 22: 0.0| model 23: 1.0| model 24: 0.0| model 25: 1.0| model 26: 0.0| model 27: 0.0| model 28: 0.0| model 29: 0.0| model 30: 0.0| model 31: 0.0| model 32: 1.0| model 33: 21.1| model 34: 0.0| model 35: 0.0| model 36: 0.0| model 37: 0.0| model 38: 8.4| model 39: 0.0| model 40: 0.0| model 41: 0.0| model 42: 0.0| model 43: 0.0| model 44: 0.0| 
                                                           dL:    9.79
                                                           dm:    2.47
                                                           dx:    0.24
Iteration 09
	model frequencies (percent)
	model 1: 14.2| model 2: 29.0| model 3: 13.7| model 4: 1.4| model 5: 9.6| model 6: 0.0| model 7: 0.0| model 8: 0.0| model 9: 0.0| model 10: 0.1| model 11: 0.0| model 12: 0.0| model 13: 0.0| model 14: 0.0| model 15: 0.0| model 16: 0.0| model 17: 0.0| model 18: 0.0| model 19: 0.0| model 20: 0.0| model 21: 0.0| model 22: 0.0| model 23: 1.0| model 24: 0.0| model 25: 0.9| model 26: 0.0| model 27: 0.0| model 28: 0.0| model 29: 0.0| model 30: 0.0| model 31: 0.0| model 32: 1.0| model 33: 20.6| model 34: 0.0| model 35: 0.0| model 36: 0.0| model 37: 0.0| model 38: 8.5| model 39: 0.0| model 40: 0.0| model 41: 0.0| model 42: 0.0| model 43: 0.0| model 44: 0.0| 
                                                           dL:    7.77
                                                           dm:    2.30
                                                           dx:    0.11
Iteration 10
	model frequencies (percent)
	model 1: 13.3| model 2: 30.7| model 3: 14.5| model 4: 1.0| model 5: 9.0| model 6: 0.0| model 7: 0.0| model 8: 0.0| model 9: 0.0| model 10: 0.0| model 11: 0.0| model 12: 0.0| model 13: 0.0| model 14: 0.0| model 15: 0.0| model 16: 0.0| model 17: 0.0| model 18: 0.0| model 19: 0.0| model 20: 0.0| model 21: 0.0| model 22: 0.0| model 23: 1.0| model 24: 0.0| model 25: 0.9| model 26: 0.0| model 27: 0.0| model 28: 0.0| model 29: 0.0| model 30: 0.0| model 31: 0.0| model 32: 1.0| model 33: 19.9| model 34: 0.0| model 35: 0.0| model 36: 0.0| model 37: 0.0| model 38: 8.6| model 39: 0.0| model 40: 0.0| model 41: 0.0| model 42: 0.0| model 43: 0.0| model 44: 0.0| 
                                                           dL:    4.18
                                                           dm:    1.76
                                                           dx:    0.24
Iteration 11
	model frequencies (percent)
	model 1: 12.4| model 2: 32.1| model 3: 15.3| model 4: 0.9| model 5: 8.6| model 6: 0.0| model 7: 0.0| model 8: 0.0| model 9: 0.0| model 10: 0.0| model 11: 0.0| model 12: 0.0| model 13: 0.0| model 14: 0.0| model 15: 0.0| model 16: 0.0| model 17: 0.0| model 18: 0.0| model 19: 0.0| model 20: 0.0| model 21: 0.0| model 22: 0.0| model 23: 1.0| model 24: 0.0| model 25: 0.8| model 26: 0.0| model 27: 0.0| model 28: 0.0| model 29: 0.0| model 30: 0.0| model 31: 0.0| model 32: 1.0| model 33: 19.0| model 34: 0.0| model 35: 0.0| model 36: 0.0| model 37: 0.0| model 38: 8.9| model 39: 0.0| model 40: 0.0| model 41: 0.0| model 42: 0.0| model 43: 0.0| model 44: 0.0| 
                                                           dL:    1.65
                                                           dm:    1.39
                                                           dx:    0.22
Iteration 12
	model frequencies (percent)
	model 1: 11.7| model 2: 33.2| model 3: 16.0| model 4: 0.7| model 5: 8.2| model 6: 0.0| model 7: 0.0| model 8: 0.0| model 9: 0.0| model 10: 0.0| model 11: 0.0| model 12: 0.0| model 13: 0.0| model 14: 0.0| model 15: 0.0| model 16: 0.0| model 17: 0.0| model 18: 0.0| model 19: 0.0| model 20: 0.0| model 21: 0.0| model 22: 0.0| model 23: 1.0| model 24: 0.0| model 25: 0.7| model 26: 0.0| model 27: 0.0| model 28: 0.0| model 29: 0.0| model 30: 0.0| model 31: 0.0| model 32: 1.0| model 33: 18.3| model 34: 0.0| model 35: 0.0| model 36: 0.0| model 37: 0.0| model 38: 9.1| model 39: 0.0| model 40: 0.0| model 41: 0.0| model 42: 0.0| model 43: 0.0| model 44: 0.0| 
                                                           dL:    1.52
                                                           dm:    1.11
                                                           dx:    0.08
Iteration 13
	model frequencies (percent)
	model 1: 11.1| model 2: 34.0| model 3: 17.0| model 4: 0.6| model 5: 7.8| model 6: 0.0| model 7: 0.0| model 8: 0.0| model 9: 0.0| model 10: 0.0| model 11: 0.0| model 12: 0.0| model 13: 0.0| model 14: 0.0| model 15: 0.0| model 16: 0.0| model 17: 0.0| model 18: 0.0| model 19: 0.0| model 20: 0.0| model 21: 0.0| model 22: 0.0| model 23: 1.0| model 24: 0.0| model 25: 0.4| model 26: 0.0| model 27: 0.0| model 28: 0.0| model 29: 0.0| model 30: 0.0| model 31: 0.0| model 32: 1.0| model 33: 17.8| model 34: 0.0| model 35: 0.0| model 36: 0.0| model 37: 0.0| model 38: 9.2| model 39: 0.0| model 40: 0.0| model 41: 0.0| model 42: 0.0| model 43: 0.0| model 44: 0.0| 
                                                           dL:    2.35
                                                           dm:    0.80
                                                           dx:    0.03
Iteration 14
	model frequencies (percent)
	model 1: 10.8| model 2: 34.6| model 3: 18.1| model 4: 0.3| model 5: 7.4| model 6: 0.0| model 7: 0.0| model 8: 0.0| model 9: 0.0| model 10: 0.0| model 11: 0.0| model 12: 0.0| model 13: 0.0| model 14: 0.0| model 15: 0.0| model 16: 0.0| model 17: 0.0| model 18: 0.0| model 19: 0.0| model 20: 0.0| model 21: 0.0| model 22: 0.0| model 23: 1.0| model 24: 0.0| model 25: 0.0| model 26: 0.0| model 27: 0.0| model 28: 0.0| model 29: 0.0| model 30: 0.0| model 31: 0.0| model 32: 1.0| model 33: 17.6| model 34: 0.0| model 35: 0.0| model 36: 0.0| model 37: 0.0| model 38: 9.3| model 39: 0.0| model 40: 0.0| model 41: 0.0| model 42: 0.0| model 43: 0.0| model 44: 0.0| 
                                                           dL:    7.68
                                                           dm:    0.53
                                                           dx:    0.14
Iteration 15
	model frequencies (percent)
	model 1: 10.6| model 2: 34.9| model 3: 19.0| model 4: 0.0| model 5: 6.8| model 6: 0.0| model 7: 0.0| model 8: 0.0| model 9: 0.0| model 10: 0.0| model 11: 0.0| model 12: 0.0| model 13: 0.0| model 14: 0.0| model 15: 0.0| model 16: 0.0| model 17: 0.0| model 18: 0.0| model 19: 0.0| model 20: 0.0| model 21: 0.0| model 22: 0.0| model 23: 1.0| model 24: 0.0| model 25: 0.0| model 26: 0.0| model 27: 0.0| model 28: 0.0| model 29: 0.0| model 30: 0.0| model 31: 0.0| model 32: 1.0| model 33: 17.4| model 34: 0.0| model 35: 0.0| model 36: 0.0| model 37: 0.0| model 38: 9.3| model 39: 0.0| model 40: 0.0| model 41: 0.0| model 42: 0.0| model 43: 0.0| model 44: 0.0| 
                                                           dL:    6.66
                                                           dm:    0.31
                                                           dx:    0.91
Iteration 16
	model frequencies (percent)
	model 1: 10.9| model 2: 35.0| model 3: 19.6| model 4: 0.0| model 5: 6.0| model 6: 0.0| model 7: 0.0| model 8: 0.0| model 9: 0.0| model 10: 0.0| model 11: 0.0| model 12: 0.0| model 13: 0.0| model 14: 0.0| model 15: 0.0| model 16: 0.0| model 17: 0.0| model 18: 0.0| model 19: 0.0| model 20: 0.0| model 21: 0.0| model 22: 0.0| model 23: 1.0| model 24: 0.0| model 25: 0.0| model 26: 0.0| model 27: 0.0| model 28: 0.0| model 29: 0.0| model 30: 0.0| model 31: 0.0| model 32: 1.0| model 33: 17.2| model 34: 0.0| model 35: 0.0| model 36: 0.0| model 37: 0.0| model 38: 9.2| model 39: 0.0| model 40: 0.0| model 41: 0.0| model 42: 0.0| model 43: 0.0| model 44: 0.0| 
                                                           dL:    0.72
                                                           dm:    0.17
                                                           dx:    0.15
Iteration 17
	model frequencies (percent)
	model 1: 11.6| model 2: 35.1| model 3: 20.1| model 4: 0.0| model 5: 5.0| model 6: 0.0| model 7: 0.0| model 8: 0.0| model 9: 0.0| model 10: 0.0| model 11: 0.0| model 12: 0.0| model 13: 0.0| model 14: 0.0| model 15: 0.0| model 16: 0.0| model 17: 0.0| model 18: 0.0| model 19: 0.0| model 20: 0.0| model 21: 0.0| model 22: 0.0| model 23: 1.0| model 24: 0.0| model 25: 0.0| model 26: 0.0| model 27: 0.0| model 28: 0.0| model 29: 0.0| model 30: 0.0| model 31: 0.0| model 32: 1.0| model 33: 17.2| model 34: 0.0| model 35: 0.0| model 36: 0.0| model 37: 0.0| model 38: 9.0| model 39: 0.0| model 40: 0.0| model 41: 0.0| model 42: 0.0| model 43: 0.0| model 44: 0.0| 
                                                           dL:    0.84
                                                           dm:    0.05
                                                           dx:    0.03
Iteration 18
	model frequencies (percent)
	model 1: 12.8| model 2: 35.0| model 3: 20.4| model 4: 0.0| model 5: 3.8| model 6: 0.0| model 7: 0.0| model 8: 0.0| model 9: 0.0| model 10: 0.0| model 11: 0.0| model 12: 0.0| model 13: 0.0| model 14: 0.0| model 15: 0.0| model 16: 0.0| model 17: 0.0| model 18: 0.0| model 19: 0.0| model 20: 0.0| model 21: 0.0| model 22: 0.0| model 23: 1.0| model 24: 0.0| model 25: 0.0| model 26: 0.0| model 27: 0.0| model 28: 0.0| model 29: 0.0| model 30: 0.0| model 31: 0.0| model 32: 1.0| model 33: 17.1| model 34: 0.0| model 35: 0.0| model 36: 0.0| model 37: 0.0| model 38: 8.7| model 39: 0.0| model 40: 0.0| model 41: 0.0| model 42: 0.0| model 43: 0.0| model 44: 0.0| 
                                                           dL:    1.36
                                                           dm:    0.05
                                                           dx:    0.02
Iteration 19
	model frequencies (percent)
	model 1: 14.4| model 2: 34.9| model 3: 20.7| model 4: 0.0| model 5: 2.5| model 6: 0.0| model 7: 0.0| model 8: 0.0| model 9: 0.0| model 10: 0.0| model 11: 0.0| model 12: 0.0| model 13: 0.0| model 14: 0.0| model 15: 0.0| model 16: 0.0| model 17: 0.0| model 18: 0.0| model 19: 0.0| model 20: 0.0| model 21: 0.0| model 22: 0.0| model 23: 1.0| model 24: 0.0| model 25: 0.0| model 26: 0.0| model 27: 0.0| model 28: 0.0| model 29: 0.0| model 30: 0.0| model 31: 0.0| model 32: 1.0| model 33: 17.1| model 34: 0.0| model 35: 0.0| model 36: 0.0| model 37: 0.0| model 38: 8.5| model 39: 0.0| model 40: 0.0| model 41: 0.0| model 42: 0.0| model 43: 0.0| model 44: 0.0| 
                                                           dL:    1.82
                                                           dm:    0.15
                                                           dx:    0.02
Iteration 20
	model frequencies (percent)
	model 1: 15.9| model 2: 34.7| model 3: 20.7| model 4: 0.0| model 5: 1.4| model 6: 0.0| model 7: 0.0| model 8: 0.0| model 9: 0.0| model 10: 0.0| model 11: 0.0| model 12: 0.0| model 13: 0.0| model 14: 0.0| model 15: 0.0| model 16: 0.0| model 17: 0.0| model 18: 0.0| model 19: 0.0| model 20: 0.0| model 21: 0.0| model 22: 0.0| model 23: 1.0| model 24: 0.0| model 25: 0.0| model 26: 0.0| model 27: 0.0| model 28: 0.0| model 29: 0.0| model 30: 0.0| model 31: 0.0| model 32: 1.0| model 33: 16.9| model 34: 0.0| model 35: 0.0| model 36: 0.0| model 37: 0.0| model 38: 8.3| model 39: 0.0| model 40: 0.0| model 41: 0.0| model 42: 0.0| model 43: 0.0| model 44: 0.0| 
                                                           dL:    1.69
                                                           dm:    0.21
                                                           dx:    0.04
Iteration 21
	model frequencies (percent)
	model 1: 17.2| model 2: 34.4| model 3: 20.6| model 4: 0.0| model 5: 0.9| model 6: 0.0| model 7: 0.0| model 8: 0.0| model 9: 0.0| model 10: 0.0| model 11: 0.0| model 12: 0.0| model 13: 0.0| model 14: 0.0| model 15: 0.0| model 16: 0.0| model 17: 0.0| model 18: 0.0| model 19: 0.0| model 20: 0.0| model 21: 0.0| model 22: 0.0| model 23: 1.0| model 24: 0.0| model 25: 0.0| model 26: 0.0| model 27: 0.0| model 28: 0.0| model 29: 0.0| model 30: 0.0| model 31: 0.0| model 32: 1.0| model 33: 16.6| model 34: 0.0| model 35: 0.0| model 36: 0.0| model 37: 0.0| model 38: 8.2| model 39: 0.0| model 40: 0.0| model 41: 0.0| model 42: 0.0| model 43: 0.0| model 44: 0.0| 
                                                           dL:    1.17
                                                           dm:    0.25
                                                           dx:    0.13
Iteration 22
	model frequencies (percent)
	model 1: 18.4| model 2: 34.2| model 3: 20.6| model 4: 0.0| model 5: 0.5| model 6: 0.0| model 7: 0.0| model 8: 0.0| model 9: 0.0| model 10: 0.0| model 11: 0.0| model 12: 0.0| model 13: 0.0| model 14: 0.0| model 15: 0.0| model 16: 0.0| model 17: 0.0| model 18: 0.0| model 19: 0.0| model 20: 0.0| model 21: 0.0| model 22: 0.0| model 23: 1.0| model 24: 0.0| model 25: 0.0| model 26: 0.0| model 27: 0.0| model 28: 0.0| model 29: 0.0| model 30: 0.0| model 31: 0.0| model 32: 1.0| model 33: 16.3| model 34: 0.0| model 35: 0.0| model 36: 0.0| model 37: 0.0| model 38: 8.0| model 39: 0.0| model 40: 0.0| model 41: 0.0| model 42: 0.0| model 43: 0.0| model 44: 0.0| 
                                                           dL:    1.60
                                                           dm:    0.27
                                                           dx:    0.18
Iteration 23
	model frequencies (percent)
	model 1: 19.6| model 2: 33.9| model 3: 20.6| model 4: 0.0| model 5: 0.1| model 6: 0.0| model 7: 0.0| model 8: 0.0| model 9: 0.0| model 10: 0.0| model 11: 0.0| model 12: 0.0| model 13: 0.0| model 14: 0.0| model 15: 0.0| model 16: 0.0| model 17: 0.0| model 18: 0.0| model 19: 0.0| model 20: 0.0| model 21: 0.0| model 22: 0.0| model 23: 1.0| model 24: 0.0| model 25: 0.0| model 26: 0.0| model 27: 0.0| model 28: 0.0| model 29: 0.0| model 30: 0.0| model 31: 0.0| model 32: 1.0| model 33: 15.9| model 34: 0.0| model 35: 0.0| model 36: 0.0| model 37: 0.0| model 38: 7.9| model 39: 0.0| model 40: 0.0| model 41: 0.0| model 42: 0.0| model 43: 0.0| model 44: 0.0| 
                                                           dL:    3.25
                                                           dm:    0.30
                                                           dx:    0.13
Iteration 24
	model frequencies (percent)
	model 1: 20.3| model 2: 33.5| model 3: 20.7| model 4: 0.0| model 5: 0.0| model 6: 0.0| model 7: 0.0| model 8: 0.0| model 9: 0.0| model 10: 0.0| model 11: 0.0| model 12: 0.0| model 13: 0.0| model 14: 0.0| model 15: 0.0| model 16: 0.0| model 17: 0.0| model 18: 0.0| model 19: 0.0| model 20: 0.0| model 21: 0.0| model 22: 0.0| model 23: 1.0| model 24: 0.0| model 25: 0.0| model 26: 0.0| model 27: 0.0| model 28: 0.0| model 29: 0.0| model 30: 0.0| model 31: 0.0| model 32: 1.0| model 33: 15.6| model 34: 0.0| model 35: 0.0| model 36: 0.0| model 37: 0.0| model 38: 7.8| model 39: 0.0| model 40: 0.0| model 41: 0.0| model 42: 0.0| model 43: 0.0| model 44: 0.0| 
                                                           dL:    2.71
                                                           dm:    0.35
                                                           dx:    0.27
Iteration 25
	model frequencies (percent)
	model 1: 21.0| model 2: 33.1| model 3: 20.8| model 4: 0.0| model 5: 0.0| model 6: 0.0| model 7: 0.0| model 8: 0.0| model 9: 0.0| model 10: 0.0| model 11: 0.0| model 12: 0.0| model 13: 0.0| model 14: 0.0| model 15: 0.0| model 16: 0.0| model 17: 0.0| model 18: 0.0| model 19: 0.0| model 20: 0.0| model 21: 0.0| model 22: 0.0| model 23: 1.0| model 24: 0.0| model 25: 0.0| model 26: 0.0| model 27: 0.0| model 28: 0.0| model 29: 0.0| model 30: 0.0| model 31: 0.0| model 32: 1.0| model 33: 15.3| model 34: 0.0| model 35: 0.0| model 36: 0.0| model 37: 0.0| model 38: 7.7| model 39: 0.0| model 40: 0.0| model 41: 0.0| model 42: 0.0| model 43: 0.0| model 44: 0.0| 
                                                           dL:    0.16
                                                           dm:    0.37
                                                           dx:    0.06
Iteration 26
	model frequencies (percent)
	model 1: 21.7| model 2: 32.8| model 3: 20.8| model 4: 0.0| model 5: 0.0| model 6: 0.0| model 7: 0.0| model 8: 0.0| model 9: 0.0| model 10: 0.0| model 11: 0.0| model 12: 0.0| model 13: 0.0| model 14: 0.0| model 15: 0.0| model 16: 0.0| model 17: 0.0| model 18: 0.0| model 19: 0.0| model 20: 0.0| model 21: 0.0| model 22: 0.0| model 23: 1.0| model 24: 0.0| model 25: 0.0| model 26: 0.0| model 27: 0.0| model 28: 0.0| model 29: 0.0| model 30: 0.0| model 31: 0.0| model 32: 1.0| model 33: 15.1| model 34: 0.0| model 35: 0.0| model 36: 0.0| model 37: 0.0| model 38: 7.6| model 39: 0.0| model 40: 0.0| model 41: 0.0| model 42: 0.0| model 43: 0.0| model 44: 0.0| 
                                                           dL:    0.13
                                                           dm:    0.37
                                                           dx:    0.00
                                                          Converged :]
