cbm_hbi_hbi                                       27-Jun-2022 16:41:07
Running hierarchical bayesian inference (HBI)- null mode...

HBI has been initialized according to
	epsilon_initi_alpha_mainc.mat [for model 1]
	epsilon_initi_alpha_lurec.mat [for model 2]
	epsilon_initi_alpha_missc.mat [for model 3]
	epsilon_initi_alpha_fac.mat [for model 4]
	epsilon_initi_alpha_mainc_lurec.mat [for model 5]
	epsilon_initi_alpha_mainc_missc.mat [for model 6]
	epsilon_initi_alpha_mainc_fac.mat [for model 7]
	epsilon_initi_alpha_mainc_respc.mat [for model 8]
	epsilon_initi_alpha_lurec_missc.mat [for model 9]
	epsilon_initi_alpha_lurec_fac.mat [for model 10]
	epsilon_initi_alpha_lurec_respc.mat [for model 11]
	epsilon_initi_alpha_missc_fac.mat [for model 12]
	epsilon_initi_alpha_missc_respc.mat [for model 13]
	epsilon_initi_alpha_fac_respc.mat [for model 14]
	epsilon_initi_alpha_mainc_lurec_respc.mat [for model 15]
	epsilon_initi_alpha_mainc_missc_fac.mat [for model 16]
	epsilon_initi_alpha_mainc_fac_respc.mat [for model 17]
	epsilon_initi_alpha_lurec_missc_fac.mat [for model 18]
	epsilon_initi_alpha_mainc_lurec_missc_fac.mat [for model 19]
	epsilon_initi_alpha_mainc_lurec_missc_respc.mat [for model 20]
	epsilon_initi_alpha_mainc_missc_fac_respc.mat [for model 21]
	epsilon_initi_alpha_lurec_missc_fac_respc.mat [for model 22]
	epsilon_initi_alpha_mainc_lurec_missc_fac_respc.mat [for model 23]
	epsilon_initi_deltai_mainc.mat [for model 24]
	epsilon_initi_deltai_lurec.mat [for model 25]
	epsilon_initi_deltai_missc.mat [for model 26]
	epsilon_initi_deltai_fac.mat [for model 27]
	epsilon_initi_deltai_respc.mat [for model 28]
	epsilon_initi_deltai_mainc_lurec.mat [for model 29]
	epsilon_initi_deltai_mainc_missc.mat [for model 30]
	epsilon_initi_deltai_mainc_fac.mat [for model 31]
	epsilon_initi_deltai_mainc_respc.mat [for model 32]
	epsilon_initi_deltai_lurec_missc.mat [for model 33]
	epsilon_initi_deltai_lurec_fac.mat [for model 34]
	epsilon_initi_deltai_lurec_respc.mat [for model 35]
	epsilon_initi_deltai_missc_fac.mat [for model 36]
	epsilon_initi_deltai_mainc_lurec_missc.mat [for model 37]
	epsilon_initi_deltai_mainc_lurec_fac.mat [for model 38]
	epsilon_initi_deltai_mainc_lurec_respc.mat [for model 39]
	epsilon_initi_deltai_mainc_missc_fac.mat [for model 40]
	epsilon_initi_deltai_mainc_missc_respc.mat [for model 41]
	epsilon_initi_deltai_mainc_fac_respc.mat [for model 42]
	epsilon_initi_deltai_lurec_missc_fac.mat [for model 43]
	epsilon_initi_deltai_lurec_missc_respc.mat [for model 44]
	epsilon_initi_deltai_mainc_lurec_missc_fac.mat [for model 45]
	epsilon_initi_deltai_mainc_lurec_fac_respc.mat [for model 46]
	epsilon_initi_deltai_mainc_missc_fac_respc.mat [for model 47]
	epsilon_initi_deltai_mainc_lurec_missc_fac_respc.mat [for model 48]
 
Number of samples: 100
Number of models: 48
======================================================================
Iteration 01
Iteration 02
                                                           dL: 1317.84
                                                           dx:    0.26
Iteration 03
                                                           dL:  203.29
                                                           dx:    0.11
Iteration 04
                                                           dL:   56.81
                                                           dx:    0.06
Iteration 05
                                                           dL:   59.01
                                                           dx:    0.06
Iteration 06
                                                           dL:   32.35
                                                           dx:    0.06
Iteration 07
                                                           dL:   37.02
                                                           dx:    0.05
Iteration 08
                                                           dL:   15.94
                                                           dx:    0.04
Iteration 09
                                                           dL:   12.43
                                                           dx:    0.03
Iteration 10
                                                           dL:    8.04
                                                           dx:    0.03
Iteration 11
                                                           dL:    8.82
                                                           dx:    0.02
Iteration 12
                                                           dL:    6.90
                                                           dx:    0.02
Iteration 13
                                                           dL:    5.99
                                                           dx:    0.02
Iteration 14
                                                           dL:    5.20
                                                           dx:    0.02
Iteration 15
                                                           dL:    4.76
                                                           dx:    0.02
Iteration 16
                                                           dL:    4.10
                                                           dx:    0.02
Iteration 17
                                                           dL:    3.84
                                                           dx:    0.02
Iteration 18
                                                           dL:    3.32
                                                           dx:    0.02
Iteration 19
                                                           dL:    2.95
                                                           dx:    0.01
Iteration 20
                                                           dL:    2.12
                                                           dx:    0.02
Iteration 21
                                                           dL:    2.41
                                                           dx:    0.02
Iteration 22
                                                           dL:    1.33
                                                           dx:    0.01
Iteration 23
                                                           dL:    1.64
                                                           dx:    0.01
                                                          Converged :]
