cbm_hbi_hbi                                       02-Mar-2021 06:28:07
Running hierarchical bayesian inference (HBI)...

HBI has been initialized according to
	lurec_epsilon_init_alpha_mainc.mat [for model 1]
	lurec_epsilon_init_alpha_mainc_mc.mat [for model 2]
	respc_epsilon_init_alpha_lurec_mc.mat [for model 3]
 
Number of samples: 52
Number of models: 3
======================================================================
Iteration 01
Iteration 02
	model frequencies (percent)
	model 1: 47.7| model 2: 21.2| model 3: 31.2| 
                                                           dL:   99.54
                                                           dm:   52.32
                                                           dx:    0.56
Iteration 03
	model frequencies (percent)
	model 1: 63.8| model 2: 10.4| model 3: 25.8| 
                                                           dL:   32.28
                                                           dm:   16.14
                                                           dx:    0.49
Iteration 04
	model frequencies (percent)
	model 1: 74.5| model 2: 3.8| model 3: 21.6| 
                                                           dL:   13.29
                                                           dm:   10.72
                                                           dx:    0.25
Iteration 05
	model frequencies (percent)
	model 1: 81.1| model 2: 0.4| model 3: 18.4| 
                                                           dL:   10.48
                                                           dm:    6.60
                                                           dx:    0.16
Iteration 06
	model frequencies (percent)
	model 1: 84.2| model 2: 0.0| model 3: 15.8| 
                                                           dL:    4.45
                                                           dm:    3.10
                                                           dx:    0.45
Iteration 07
	model frequencies (percent)
	model 1: 86.0| model 2: 0.0| model 3: 14.0| 
                                                           dL:    0.74
                                                           dm:    1.81
                                                           dx:    0.28
Iteration 08
	model frequencies (percent)
	model 1: 87.1| model 2: 0.0| model 3: 12.9| 
                                                           dL:    0.41
                                                           dm:    1.11
                                                           dx:    0.06
Iteration 09
	model frequencies (percent)
	model 1: 87.8| model 2: 0.0| model 3: 12.2| 
                                                           dL:    0.25
                                                           dm:    0.65
                                                           dx:    0.04
Iteration 10
	model frequencies (percent)
	model 1: 88.2| model 2: 0.0| model 3: 11.8| 
                                                           dL:    0.16
                                                           dm:    0.39
                                                           dx:    0.02
Iteration 11
	model frequencies (percent)
	model 1: 88.4| model 2: 0.0| model 3: 11.6| 
                                                           dL:    0.12
                                                           dm:    0.23
                                                           dx:    0.01
Iteration 12
	model frequencies (percent)
	model 1: 88.6| model 2: 0.0| model 3: 11.4| 
                                                           dL:    0.09
                                                           dm:    0.14
                                                           dx:    0.01
                                                          Converged :]
