cbm_hbi_hbi                                       16-Sep-2021 23:11:16
Running hierarchical bayesian inference (HBI)...

HBI has been initialized according to
	epsilon_initi_alpha_mc.mat [for model 1]
	epsilon_initi_alpha_mainc.mat [for model 2]
	epsilon_initi_alpha_lurec.mat [for model 3]
	epsilon_initi_alpha_respc.mat [for model 4]
	epsilon_initi_alpha_mc_mainc.mat [for model 5]
	epsilon_initi_alpha_mc_lurec.mat [for model 6]
	epsilon_initi_alpha_mc_respc.mat [for model 7]
	epsilon_initi_alpha_mainc_lurec.mat [for model 8]
	epsilon_initi_alpha_mainc_respc.mat [for model 9]
	epsilon_initi_alpha_lurec_respc.mat [for model 10]
	epsilon_initi_alpha_mc_lurec_respc.mat [for model 11]
	epsilon_initi_alpha_mainc_lurec_respc.mat [for model 12]
	epsilon_initi_alpha_mc_mainc_lurec_respc.mat [for model 13]
	epsilon_initi_deltai_mc.mat [for model 14]
	epsilon_initi_deltai_mainc.mat [for model 15]
	epsilon_initi_deltai_lurec.mat [for model 16]
	epsilon_initi_deltai_respc.mat [for model 17]
	epsilon_initi_deltai_mc_mainc.mat [for model 18]
	epsilon_initi_deltai_mc_lurec.mat [for model 19]
	epsilon_initi_deltai_mc_respc.mat [for model 20]
	epsilon_initi_deltai_mainc_lurec.mat [for model 21]
	epsilon_initi_deltai_mainc_respc.mat [for model 22]
	epsilon_initi_deltai_lurec_respc.mat [for model 23]
	epsilon_initi_deltai_mc_mainc_lurec.mat [for model 24]
	epsilon_initi_deltai_mc_mainc_respc.mat [for model 25]
	epsilon_initi_deltai_mc_mainc_lurec_respc.mat [for model 26]
 
Number of samples: 100
Number of models: 26
======================================================================
Iteration 01
Iteration 02
	model frequencies (percent)
	model 1: 7.4| model 2: 10.7| model 3: 7.4| model 4: 7.1| model 5: 5.9| model 6: 5.4| model 7: 5.0| model 8: 6.7| model 9: 5.9| model 10: 5.9| model 11: 4.4| model 12: 4.7| model 13: 2.6| model 14: 0.2| model 15: 6.6| model 16: 0.2| model 17: 1.9| model 18: 2.1| model 19: 0.2| model 20: 0.6| model 21: 2.6| model 22: 2.3| model 23: 0.6| model 24: 1.9| model 25: 0.9| model 26: 0.7| 
                                                           dL:  688.06
                                                           dm:   89.28
                                                           dx:    0.54
Iteration 03
	model frequencies (percent)
	model 1: 9.4| model 2: 22.6| model 3: 10.2| model 4: 8.0| model 5: 5.1| model 6: 3.9| model 7: 2.6| model 8: 9.3| model 9: 5.0| model 10: 4.9| model 11: 1.7| model 12: 3.5| model 13: 0.3| model 14: 0.0| model 15: 9.2| model 16: 0.0| model 17: 1.0| model 18: 0.7| model 19: 0.0| model 20: 0.0| model 21: 1.6| model 22: 0.4| model 23: 0.0| model 24: 0.8| model 25: 0.0| model 26: 0.0| 
                                                           dL:  153.33
                                                           dm:   11.87
                                                           dx:    0.61
Iteration 04
	model frequencies (percent)
	model 1: 8.5| model 2: 37.7| model 3: 12.4| model 4: 6.2| model 5: 2.5| model 6: 1.2| model 7: 0.3| model 8: 12.5| model 9: 2.4| model 10: 2.7| model 11: 0.1| model 12: 1.8| model 13: 0.0| model 14: 0.0| model 15: 9.9| model 16: 0.0| model 17: 0.4| model 18: 0.0| model 19: 0.0| model 20: 0.0| model 21: 1.1| model 22: 0.0| model 23: 0.0| model 24: 0.1| model 25: 0.0| model 26: 0.0| 
                                                           dL:  113.12
                                                           dm:   15.14
                                                           dx:    0.97
Iteration 05
	model frequencies (percent)
	model 1: 5.6| model 2: 49.5| model 3: 13.2| model 4: 3.2| model 5: 0.3| model 6: 0.0| model 7: 0.0| model 8: 16.0| model 9: 0.3| model 10: 0.9| model 11: 0.0| model 12: 1.0| model 13: 0.0| model 14: 0.0| model 15: 8.9| model 16: 0.0| model 17: 0.0| model 18: 0.0| model 19: 0.0| model 20: 0.0| model 21: 1.0| model 22: 0.0| model 23: 0.0| model 24: 0.0| model 25: 0.0| model 26: 0.0| 
                                                           dL:   73.92
                                                           dm:   11.77
                                                           dx:    1.17
Iteration 06
	model frequencies (percent)
	model 1: 2.9| model 2: 54.4| model 3: 13.0| model 4: 1.0| model 5: 0.0| model 6: 0.0| model 7: 0.0| model 8: 19.5| model 9: 0.0| model 10: 0.1| model 11: 0.0| model 12: 0.9| model 13: 0.0| model 14: 0.0| model 15: 7.3| model 16: 0.0| model 17: 0.0| model 18: 0.0| model 19: 0.0| model 20: 0.0| model 21: 1.0| model 22: 0.0| model 23: 0.0| model 24: 0.0| model 25: 0.0| model 26: 0.0| 
                                                           dL:   32.95
                                                           dm:    4.92
                                                           dx:    0.60
Iteration 07
	model frequencies (percent)
	model 1: 1.1| model 2: 55.7| model 3: 12.5| model 4: 0.1| model 5: 0.0| model 6: 0.0| model 7: 0.0| model 8: 23.0| model 9: 0.0| model 10: 0.0| model 11: 0.0| model 12: 0.8| model 13: 0.0| model 14: 0.0| model 15: 5.8| model 16: 0.0| model 17: 0.0| model 18: 0.0| model 19: 0.0| model 20: 0.0| model 21: 1.0| model 22: 0.0| model 23: 0.0| model 24: 0.0| model 25: 0.0| model 26: 0.0| 
                                                           dL:   19.64
                                                           dm:    1.28
                                                           dx:    0.72
Iteration 08
	model frequencies (percent)
	model 1: 0.1| model 2: 55.4| model 3: 11.8| model 4: 0.0| model 5: 0.0| model 6: 0.0| model 7: 0.0| model 8: 26.5| model 9: 0.0| model 10: 0.0| model 11: 0.0| model 12: 0.8| model 13: 0.0| model 14: 0.0| model 15: 4.5| model 16: 0.0| model 17: 0.0| model 18: 0.0| model 19: 0.0| model 20: 0.0| model 21: 1.0| model 22: 0.0| model 23: 0.0| model 24: 0.0| model 25: 0.0| model 26: 0.0| 
                                                           dL:   11.13
                                                           dm:    0.33
                                                           dx:    0.26
Iteration 09
	model frequencies (percent)
	model 1: 0.0| model 2: 54.3| model 3: 11.0| model 4: 0.0| model 5: 0.0| model 6: 0.0| model 7: 0.0| model 8: 29.8| model 9: 0.0| model 10: 0.0| model 11: 0.0| model 12: 0.7| model 13: 0.0| model 14: 0.0| model 15: 3.3| model 16: 0.0| model 17: 0.0| model 18: 0.0| model 19: 0.0| model 20: 0.0| model 21: 1.0| model 22: 0.0| model 23: 0.0| model 24: 0.0| model 25: 0.0| model 26: 0.0| 
                                                           dL:    5.61
                                                           dm:    1.03
                                                           dx:    0.23
Iteration 10
	model frequencies (percent)
	model 1: 0.0| model 2: 53.1| model 3: 10.4| model 4: 0.0| model 5: 0.0| model 6: 0.0| model 7: 0.0| model 8: 32.7| model 9: 0.0| model 10: 0.0| model 11: 0.0| model 12: 0.5| model 13: 0.0| model 14: 0.0| model 15: 2.3| model 16: 0.0| model 17: 0.0| model 18: 0.0| model 19: 0.0| model 20: 0.0| model 21: 1.0| model 22: 0.0| model 23: 0.0| model 24: 0.0| model 25: 0.0| model 26: 0.0| 
                                                           dL:    4.28
                                                           dm:    1.22
                                                           dx:    0.16
Iteration 11
	model frequencies (percent)
	model 1: 0.0| model 2: 51.8| model 3: 10.3| model 4: 0.0| model 5: 0.0| model 6: 0.0| model 7: 0.0| model 8: 35.4| model 9: 0.0| model 10: 0.0| model 11: 0.0| model 12: 0.1| model 13: 0.0| model 14: 0.0| model 15: 1.5| model 16: 0.0| model 17: 0.0| model 18: 0.0| model 19: 0.0| model 20: 0.0| model 21: 1.0| model 22: 0.0| model 23: 0.0| model 24: 0.0| model 25: 0.0| model 26: 0.0| 
                                                           dL:    6.47
                                                           dm:    1.31
                                                           dx:    0.08
Iteration 12
	model frequencies (percent)
	model 1: 0.0| model 2: 50.5| model 3: 10.2| model 4: 0.0| model 5: 0.0| model 6: 0.0| model 7: 0.0| model 8: 37.8| model 9: 0.0| model 10: 0.0| model 11: 0.0| model 12: 0.0| model 13: 0.0| model 14: 0.0| model 15: 0.6| model 16: 0.0| model 17: 0.0| model 18: 0.0| model 19: 0.0| model 20: 0.0| model 21: 1.0| model 22: 0.0| model 23: 0.0| model 24: 0.0| model 25: 0.0| model 26: 0.0| 
                                                           dL:    7.10
                                                           dm:    1.35
                                                           dx:    0.83
Iteration 13
	model frequencies (percent)
	model 1: 0.0| model 2: 49.1| model 3: 10.0| model 4: 0.0| model 5: 0.0| model 6: 0.0| model 7: 0.0| model 8: 39.9| model 9: 0.0| model 10: 0.0| model 11: 0.0| model 12: 0.0| model 13: 0.0| model 14: 0.0| model 15: 0.0| model 16: 0.0| model 17: 0.0| model 18: 0.0| model 19: 0.0| model 20: 0.0| model 21: 1.0| model 22: 0.0| model 23: 0.0| model 24: 0.0| model 25: 0.0| model 26: 0.0| 
                                                           dL:    5.99
                                                           dm:    1.34
                                                           dx:    0.12
Iteration 14
	model frequencies (percent)
	model 1: 0.0| model 2: 47.8| model 3: 9.7| model 4: 0.0| model 5: 0.0| model 6: 0.0| model 7: 0.0| model 8: 41.5| model 9: 0.0| model 10: 0.0| model 11: 0.0| model 12: 0.0| model 13: 0.0| model 14: 0.0| model 15: 0.0| model 16: 0.0| model 17: 0.0| model 18: 0.0| model 19: 0.0| model 20: 0.0| model 21: 1.0| model 22: 0.0| model 23: 0.0| model 24: 0.0| model 25: 0.0| model 26: 0.0| 
                                                           dL:    2.24
                                                           dm:    1.30
                                                           dx:    0.23
Iteration 15
	model frequencies (percent)
	model 1: 0.0| model 2: 46.6| model 3: 9.5| model 4: 0.0| model 5: 0.0| model 6: 0.0| model 7: 0.0| model 8: 42.9| model 9: 0.0| model 10: 0.0| model 11: 0.0| model 12: 0.0| model 13: 0.0| model 14: 0.0| model 15: 0.0| model 16: 0.0| model 17: 0.0| model 18: 0.0| model 19: 0.0| model 20: 0.0| model 21: 1.0| model 22: 0.0| model 23: 0.0| model 24: 0.0| model 25: 0.0| model 26: 0.0| 
                                                           dL:    1.31
                                                           dm:    1.19
                                                           dx:    0.11
Iteration 16
	model frequencies (percent)
	model 1: 0.0| model 2: 45.5| model 3: 9.4| model 4: 0.0| model 5: 0.0| model 6: 0.0| model 7: 0.0| model 8: 44.1| model 9: 0.0| model 10: 0.0| model 11: 0.0| model 12: 0.0| model 13: 0.0| model 14: 0.0| model 15: 0.0| model 16: 0.0| model 17: 0.0| model 18: 0.0| model 19: 0.0| model 20: 0.0| model 21: 1.0| model 22: 0.0| model 23: 0.0| model 24: 0.0| model 25: 0.0| model 26: 0.0| 
                                                           dL:    1.11
                                                           dm:    1.10
                                                           dx:    0.01
Iteration 17
	model frequencies (percent)
	model 1: 0.0| model 2: 44.5| model 3: 9.3| model 4: 0.0| model 5: 0.0| model 6: 0.0| model 7: 0.0| model 8: 45.2| model 9: 0.0| model 10: 0.0| model 11: 0.0| model 12: 0.0| model 13: 0.0| model 14: 0.0| model 15: 0.0| model 16: 0.0| model 17: 0.0| model 18: 0.0| model 19: 0.0| model 20: 0.0| model 21: 1.0| model 22: 0.0| model 23: 0.0| model 24: 0.0| model 25: 0.0| model 26: 0.0| 
                                                           dL:    0.89
                                                           dm:    1.10
                                                           dx:    0.01
Iteration 18
	model frequencies (percent)
	model 1: 0.0| model 2: 43.7| model 3: 9.2| model 4: 0.0| model 5: 0.0| model 6: 0.0| model 7: 0.0| model 8: 46.2| model 9: 0.0| model 10: 0.0| model 11: 0.0| model 12: 0.0| model 13: 0.0| model 14: 0.0| model 15: 0.0| model 16: 0.0| model 17: 0.0| model 18: 0.0| model 19: 0.0| model 20: 0.0| model 21: 1.0| model 22: 0.0| model 23: 0.0| model 24: 0.0| model 25: 0.0| model 26: 0.0| 
                                                           dL:    0.68
                                                           dm:    0.92
                                                           dx:    0.01
                                                          Converged :]
