cbm_hbi_hbi                                       05-Aug-2021 10:43:33
Running hierarchical bayesian inference (HBI)...

HBI has been initialized according to
	epsilon_init_alpha_mc.mat [for model 1]
	epsilon_init_alpha_mainc.mat [for model 2]
	epsilon_init_alpha_lurec.mat [for model 3]
	epsilon_init_alpha_uc.mat [for model 4]
	epsilon_init_alpha_respc.mat [for model 5]
	epsilon_init_alpha_mc_mainc.mat [for model 6]
	epsilon_init_alpha_mc_lurec.mat [for model 7]
	epsilon_init_alpha_mc_uc.mat [for model 8]
	epsilon_init_alpha_mc_respc.mat [for model 9]
	epsilon_init_mc_delta.mat [for model 10]
	epsilon_init_alpha_mainc_lurec.mat [for model 11]
	epsilon_init_alpha_mainc_uc.mat [for model 12]
	epsilon_init_alpha_mainc_respc.mat [for model 13]
	epsilon_init_mainc_delta.mat [for model 14]
	epsilon_init_alpha_lurec_uc.mat [for model 15]
	epsilon_init_alpha_lurec_respc.mat [for model 16]
	epsilon_init_lurec_delta.mat [for model 17]
	epsilon_init_alpha_uc_respc.mat [for model 18]
	epsilon_init_respc_delta.mat [for model 19]
	epsilon_init_alpha_mc_mainc_lurec.mat [for model 20]
	epsilon_init_alpha_mc_mainc_uc.mat [for model 21]
	epsilon_init_alpha_mc_mainc_respc.mat [for model 22]
	epsilon_init_mc_mainc_delta.mat [for model 23]
	epsilon_init_alpha_mc_lurec_uc.mat [for model 24]
	epsilon_init_alpha_mc_lurec_respc.mat [for model 25]
	epsilon_init_mc_lurec_delta.mat [for model 26]
	epsilon_init_alpha_mc_uc_respc.mat [for model 27]
	epsilon_init_mc_respc_delta.mat [for model 28]
	epsilon_init_alpha_mainc_lurec_uc.mat [for model 29]
	epsilon_init_alpha_mainc_lurec_respc.mat [for model 30]
	epsilon_init_mainc_lurec_delta.mat [for model 31]
	epsilon_init_alpha_mainc_uc_respc.mat [for model 32]
	epsilon_init_mainc_respc_delta.mat [for model 33]
	epsilon_init_alpha_lurec_uc_respc.mat [for model 34]
	epsilon_init_lurec_respc_delta.mat [for model 35]
	epsilon_init_alpha_mc_mainc_lurec_uc.mat [for model 36]
	epsilon_init_alpha_mc_mainc_lurec_respc.mat [for model 37]
	epsilon_init_mc_mainc_lurec_delta.mat [for model 38]
	epsilon_init_alpha_mc_mainc_uc_respc.mat [for model 39]
	epsilon_init_mc_mainc_respc_delta.mat [for model 40]
	epsilon_init_alpha_mc_lurec_uc_respc.mat [for model 41]
	epsilon_init_mc_lurec_respc_delta.mat [for model 42]
	epsilon_init_alpha_mainc_lurec_uc_respc.mat [for model 43]
	epsilon_init_mainc_lurec_respc_delta.mat [for model 44]
	epsilon_init_alpha_mc_mainc_lurec_uc_respc.mat [for model 45]
 
Number of samples: 100
Number of models: 45
======================================================================
Iteration 01
Iteration 02
	model frequencies (percent)
	model 1: 5.4| model 2: 6.3| model 3: 4.4| model 4: 4.5| model 5: 5.4| model 6: 2.9| model 7: 3.0| model 8: 3.1| model 9: 3.2| model 10: 0.5| model 11: 2.9| model 12: 2.9| model 13: 3.1| model 14: 4.2| model 15: 2.9| model 16: 2.9| model 17: 0.5| model 18: 2.9| model 19: 1.3| model 20: 1.5| model 21: 1.5| model 22: 1.6| model 23: 1.9| model 24: 2.2| model 25: 2.3| model 26: 0.4| model 27: 2.1| model 28: 0.7| model 29: 1.7| model 30: 2.0| model 31: 1.7| model 32: 1.9| model 33: 2.0| model 34: 2.9| model 35: 0.6| model 36: 0.9| model 37: 1.1| model 38: 1.2| model 39: 1.1| model 40: 0.8| model 41: 2.0| model 42: 0.8| model 43: 1.4| model 44: 0.9| model 45: 0.8| 
                                                           dL:  932.90
                                                           dm:   93.67
                                                           dx:    0.46
Iteration 03
	model frequencies (percent)
	model 1: 10.8| model 2: 14.8| model 3: 7.3| model 4: 7.6| model 5: 10.7| model 6: 2.3| model 7: 2.9| model 8: 2.4| model 9: 2.5| model 10: 0.1| model 11: 3.4| model 12: 2.9| model 13: 2.7| model 14: 6.2| model 15: 2.6| model 16: 2.4| model 17: 0.1| model 18: 2.0| model 19: 0.5| model 20: 0.4| model 21: 0.3| model 22: 0.3| model 23: 1.6| model 24: 0.9| model 25: 1.1| model 26: 0.0| model 27: 0.6| model 28: 0.1| model 29: 0.7| model 30: 1.6| model 31: 1.3| model 32: 0.9| model 33: 1.0| model 34: 2.9| model 35: 0.0| model 36: 0.0| model 37: 0.1| model 38: 0.7| model 39: 0.1| model 40: 0.0| model 41: 0.6| model 42: 0.4| model 43: 0.4| model 44: 0.1| model 45: 0.0| 
                                                           dL:  180.90
                                                           dm:    8.47
                                                           dx:    0.58
Iteration 04
	model frequencies (percent)
	model 1: 15.0| model 2: 22.7| model 3: 10.4| model 4: 9.1| model 5: 14.0| model 6: 0.8| model 7: 2.0| model 8: 0.8| model 9: 0.7| model 10: 0.0| model 11: 4.5| model 12: 2.0| model 13: 1.1| model 14: 6.4| model 15: 1.6| model 16: 1.1| model 17: 0.0| model 18: 0.4| model 19: 0.0| model 20: 0.0| model 21: 0.0| model 22: 0.0| model 23: 1.2| model 24: 0.0| model 25: 0.1| model 26: 0.0| model 27: 0.0| model 28: 0.0| model 29: 0.0| model 30: 1.5| model 31: 0.5| model 32: 0.1| model 33: 0.1| model 34: 3.2| model 35: 0.0| model 36: 0.0| model 37: 0.0| model 38: 0.5| model 39: 0.0| model 40: 0.0| model 41: 0.0| model 42: 0.1| model 43: 0.0| model 44: 0.0| model 45: 0.0| 
                                                           dL:  146.72
                                                           dm:    7.90
                                                           dx:    0.69
Iteration 05
	model frequencies (percent)
	model 1: 16.5| model 2: 27.6| model 3: 14.9| model 4: 8.6| model 5: 14.6| model 6: 0.0| model 7: 0.5| model 8: 0.0| model 9: 0.0| model 10: 0.0| model 11: 5.9| model 12: 0.8| model 13: 0.1| model 14: 5.3| model 15: 0.3| model 16: 0.1| model 17: 0.0| model 18: 0.0| model 19: 0.0| model 20: 0.0| model 21: 0.0| model 22: 0.0| model 23: 0.8| model 24: 0.0| model 25: 0.0| model 26: 0.0| model 27: 0.0| model 28: 0.0| model 29: 0.0| model 30: 1.1| model 31: 0.0| model 32: 0.0| model 33: 0.0| model 34: 2.6| model 35: 0.0| model 36: 0.0| model 37: 0.0| model 38: 0.1| model 39: 0.0| model 40: 0.0| model 41: 0.0| model 42: 0.0| model 43: 0.0| model 44: 0.0| model 45: 0.0| 
                                                           dL:   81.97
                                                           dm:    4.87
                                                           dx:    0.88
Iteration 06
	model frequencies (percent)
	model 1: 16.4| model 2: 30.5| model 3: 18.9| model 4: 7.1| model 5: 14.0| model 6: 0.0| model 7: 0.0| model 8: 0.0| model 9: 0.0| model 10: 0.0| model 11: 6.2| model 12: 0.0| model 13: 0.0| model 14: 4.0| model 15: 0.0| model 16: 0.0| model 17: 0.0| model 18: 0.0| model 19: 0.0| model 20: 0.0| model 21: 0.0| model 22: 0.0| model 23: 0.4| model 24: 0.0| model 25: 0.0| model 26: 0.0| model 27: 0.0| model 28: 0.0| model 29: 0.0| model 30: 1.0| model 31: 0.0| model 32: 0.0| model 33: 0.0| model 34: 1.4| model 35: 0.0| model 36: 0.0| model 37: 0.0| model 38: 0.0| model 39: 0.0| model 40: 0.0| model 41: 0.0| model 42: 0.0| model 43: 0.0| model 44: 0.0| model 45: 0.0| 
                                                           dL:   36.63
                                                           dm:    2.91
                                                           dx:    0.76
Iteration 07
	model frequencies (percent)
	model 1: 16.0| model 2: 33.2| model 3: 21.2| model 4: 5.5| model 5: 13.4| model 6: 0.0| model 7: 0.0| model 8: 0.0| model 9: 0.0| model 10: 0.0| model 11: 5.7| model 12: 0.0| model 13: 0.0| model 14: 3.0| model 15: 0.0| model 16: 0.0| model 17: 0.0| model 18: 0.0| model 19: 0.0| model 20: 0.0| model 21: 0.0| model 22: 0.0| model 23: 0.1| model 24: 0.0| model 25: 0.0| model 26: 0.0| model 27: 0.0| model 28: 0.0| model 29: 0.0| model 30: 1.0| model 31: 0.0| model 32: 0.0| model 33: 0.0| model 34: 1.0| model 35: 0.0| model 36: 0.0| model 37: 0.0| model 38: 0.0| model 39: 0.0| model 40: 0.0| model 41: 0.0| model 42: 0.0| model 43: 0.0| model 44: 0.0| model 45: 0.0| 
                                                           dL:   11.30
                                                           dm:    2.71
                                                           dx:    0.65
Iteration 08
	model frequencies (percent)
	model 1: 15.5| model 2: 35.9| model 3: 22.7| model 4: 4.0| model 5: 12.9| model 6: 0.0| model 7: 0.0| model 8: 0.0| model 9: 0.0| model 10: 0.0| model 11: 4.8| model 12: 0.0| model 13: 0.0| model 14: 2.3| model 15: 0.0| model 16: 0.0| model 17: 0.0| model 18: 0.0| model 19: 0.0| model 20: 0.0| model 21: 0.0| model 22: 0.0| model 23: 0.0| model 24: 0.0| model 25: 0.0| model 26: 0.0| model 27: 0.0| model 28: 0.0| model 29: 0.0| model 30: 1.0| model 31: 0.0| model 32: 0.0| model 33: 0.0| model 34: 0.8| model 35: 0.0| model 36: 0.0| model 37: 0.0| model 38: 0.0| model 39: 0.0| model 40: 0.0| model 41: 0.0| model 42: 0.0| model 43: 0.0| model 44: 0.0| model 45: 0.0| 
                                                           dL:    7.02
                                                           dm:    2.72
                                                           dx:    0.41
Iteration 09
	model frequencies (percent)
	model 1: 14.9| model 2: 38.4| model 3: 23.8| model 4: 2.8| model 5: 12.7| model 6: 0.0| model 7: 0.0| model 8: 0.0| model 9: 0.0| model 10: 0.0| model 11: 3.7| model 12: 0.0| model 13: 0.0| model 14: 2.1| model 15: 0.0| model 16: 0.0| model 17: 0.0| model 18: 0.0| model 19: 0.0| model 20: 0.0| model 21: 0.0| model 22: 0.0| model 23: 0.0| model 24: 0.0| model 25: 0.0| model 26: 0.0| model 27: 0.0| model 28: 0.0| model 29: 0.0| model 30: 1.0| model 31: 0.0| model 32: 0.0| model 33: 0.0| model 34: 0.7| model 35: 0.0| model 36: 0.0| model 37: 0.0| model 38: 0.0| model 39: 0.0| model 40: 0.0| model 41: 0.0| model 42: 0.0| model 43: 0.0| model 44: 0.0| model 45: 0.0| 
                                                           dL:    5.62
                                                           dm:    2.45
                                                           dx:    0.14
Iteration 10
