cbm_hbi_hbi                                       24-Sep-2021 15:18:01
Running hierarchical bayesian inference (HBI)...

HBI has been initialized according to
	epsilon_initi_alpha_mc.mat [for model 1]
	epsilon_initi_alpha_mainc.mat [for model 2]
	epsilon_initi_alpha_lurec.mat [for model 3]
	epsilon_initi_alpha_respc.mat [for model 4]
	epsilon_initi_alpha_mc_mainc.mat [for model 5]
	epsilon_initi_alpha_mc_lurec.mat [for model 6]
	epsilon_initi_alpha_mc_respc.mat [for model 7]
	epsilon_initi_alpha_mainc_lurec.mat [for model 8]
	epsilon_initi_alpha_mainc_respc.mat [for model 9]
	epsilon_initi_alpha_lurec_respc.mat [for model 10]
	epsilon_initi_alpha_mc_lurec_respc.mat [for model 11]
	epsilon_initi_alpha_mainc_lurec_respc.mat [for model 12]
	epsilon_initi_alpha_mc_mainc_lurec_respc.mat [for model 13]
	epsilon_initi_deltai_mc.mat [for model 14]
	epsilon_initi_deltai_mainc.mat [for model 15]
	epsilon_initi_deltai_lurec.mat [for model 16]
	epsilon_initi_deltai_respc.mat [for model 17]
	epsilon_initi_deltai_mc_mainc.mat [for model 18]
	epsilon_initi_deltai_mc_lurec.mat [for model 19]
	epsilon_initi_deltai_mc_respc.mat [for model 20]
	epsilon_initi_deltai_mainc_lurec.mat [for model 21]
	epsilon_initi_deltai_mainc_respc.mat [for model 22]
	epsilon_initi_deltai_lurec_respc.mat [for model 23]
	epsilon_initi_deltai_mc_mainc_lurec.mat [for model 24]
	epsilon_initi_deltai_mc_mainc_respc.mat [for model 25]
	epsilon_initi_deltai_mc_mainc_lurec_respc.mat [for model 26]
 
Number of samples: 100
Number of models: 26
======================================================================
Iteration 01
Iteration 02
	model frequencies (percent)
	model 1: 8.9| model 2: 8.6| model 3: 8.5| model 4: 8.4| model 5: 5.5| model 6: 6.2| model 7: 5.9| model 8: 5.8| model 9: 6.0| model 10: 6.4| model 11: 4.7| model 12: 4.3| model 13: 3.0| model 14: 0.2| model 15: 5.1| model 16: 0.2| model 17: 2.8| model 18: 1.1| model 19: 0.3| model 20: 0.9| model 21: 1.1| model 22: 2.4| model 23: 1.8| model 24: 0.7| model 25: 0.7| model 26: 0.7| 
                                                           dL:  687.80
                                                           dm:   91.13
                                                           dx:    0.53
Iteration 03
	model frequencies (percent)
	model 1: 14.4| model 2: 14.2| model 3: 13.5| model 4: 12.5| model 5: 3.9| model 6: 5.6| model 7: 4.2| model 8: 4.8| model 9: 6.3| model 10: 6.0| model 11: 2.3| model 12: 1.9| model 13: 0.4| model 14: 0.0| model 15: 5.5| model 16: 0.0| model 17: 2.1| model 18: 0.0| model 19: 0.0| model 20: 0.0| model 21: 0.1| model 22: 2.1| model 23: 0.2| model 24: 0.0| model 25: 0.0| model 26: 0.0| 
                                                           dL:  149.32
                                                           dm:    5.51
                                                           dx:    0.55
Iteration 04
	model frequencies (percent)
	model 1: 18.6| model 2: 21.3| model 3: 17.8| model 4: 15.0| model 5: 1.2| model 6: 3.3| model 7: 1.2| model 8: 2.5| model 9: 6.2| model 10: 3.8| model 11: 0.2| model 12: 0.1| model 13: 0.0| model 14: 0.0| model 15: 4.9| model 16: 0.0| model 17: 1.8| model 18: 0.0| model 19: 0.0| model 20: 0.0| model 21: 0.0| model 22: 2.1| model 23: 0.0| model 24: 0.0| model 25: 0.0| model 26: 0.0| 
                                                           dL:   88.71
                                                           dm:    7.07
                                                           dx:    0.82
Iteration 05
	model frequencies (percent)
	model 1: 20.0| model 2: 28.8| model 3: 21.0| model 4: 15.0| model 5: 0.0| model 6: 0.7| model 7: 0.0| model 8: 0.5| model 9: 5.2| model 10: 1.5| model 11: 0.0| model 12: 0.0| model 13: 0.0| model 14: 0.0| model 15: 3.8| model 16: 0.0| model 17: 1.5| model 18: 0.0| model 19: 0.0| model 20: 0.0| model 21: 0.0| model 22: 2.1| model 23: 0.0| model 24: 0.0| model 25: 0.0| model 26: 0.0| 
                                                           dL:   72.66
                                                           dm:    7.54
                                                           dx:    0.66
Iteration 06
	model frequencies (percent)
	model 1: 19.7| model 2: 35.9| model 3: 21.9| model 4: 12.5| model 5: 0.0| model 6: 0.0| model 7: 0.0| model 8: 0.0| model 9: 3.6| model 10: 0.2| model 11: 0.0| model 12: 0.0| model 13: 0.0| model 14: 0.0| model 15: 3.0| model 16: 0.0| model 17: 1.2| model 18: 0.0| model 19: 0.0| model 20: 0.0| model 21: 0.0| model 22: 2.0| model 23: 0.0| model 24: 0.0| model 25: 0.0| model 26: 0.0| 
                                                           dL:   41.32
                                                           dm:    7.06
                                                           dx:    0.45
Iteration 07
	model frequencies (percent)
	model 1: 20.2| model 2: 42.3| model 3: 21.5| model 4: 8.5| model 5: 0.0| model 6: 0.0| model 7: 0.0| model 8: 0.0| model 9: 1.9| model 10: 0.0| model 11: 0.0| model 12: 0.0| model 13: 0.0| model 14: 0.0| model 15: 2.5| model 16: 0.0| model 17: 1.0| model 18: 0.0| model 19: 0.0| model 20: 0.0| model 21: 0.0| model 22: 2.0| model 23: 0.0| model 24: 0.0| model 25: 0.0| model 26: 0.0| 
                                                           dL:   27.54
                                                           dm:    6.45
                                                           dx:    0.56
Iteration 08
	model frequencies (percent)
	model 1: 23.2| model 2: 46.0| model 3: 20.5| model 4: 4.3| model 5: 0.0| model 6: 0.0| model 7: 0.0| model 8: 0.0| model 9: 0.9| model 10: 0.0| model 11: 0.0| model 12: 0.0| model 13: 0.0| model 14: 0.0| model 15: 2.2| model 16: 0.0| model 17: 0.9| model 18: 0.0| model 19: 0.0| model 20: 0.0| model 21: 0.0| model 22: 2.0| model 23: 0.0| model 24: 0.0| model 25: 0.0| model 26: 0.0| 
                                                           dL:   23.41
                                                           dm:    3.72
                                                           dx:    0.32
Iteration 09
	model frequencies (percent)
	model 1: 27.2| model 2: 46.8| model 3: 19.5| model 4: 1.5| model 5: 0.0| model 6: 0.0| model 7: 0.0| model 8: 0.0| model 9: 0.4| model 10: 0.0| model 11: 0.0| model 12: 0.0| model 13: 0.0| model 14: 0.0| model 15: 1.9| model 16: 0.0| model 17: 0.8| model 18: 0.0| model 19: 0.0| model 20: 0.0| model 21: 0.0| model 22: 1.9| model 23: 0.0| model 24: 0.0| model 25: 0.0| model 26: 0.0| 
                                                           dL:   15.93
                                                           dm:    0.79
                                                           dx:    0.24
Iteration 10
	model frequencies (percent)
	model 1: 31.0| model 2: 46.3| model 3: 18.9| model 4: 0.6| model 5: 0.0| model 6: 0.0| model 7: 0.0| model 8: 0.0| model 9: 0.0| model 10: 0.0| model 11: 0.0| model 12: 0.0| model 13: 0.0| model 14: 0.0| model 15: 1.4| model 16: 0.0| model 17: 0.6| model 18: 0.0| model 19: 0.0| model 20: 0.0| model 21: 0.0| model 22: 1.1| model 23: 0.0| model 24: 0.0| model 25: 0.0| model 26: 0.0| 
                                                           dL:   16.27
                                                           dm:    0.48
                                                           dx:    0.47
Iteration 11
	model frequencies (percent)
	model 1: 34.1| model 2: 45.7| model 3: 18.4| model 4: 0.0| model 5: 0.0| model 6: 0.0| model 7: 0.0| model 8: 0.0| model 9: 0.0| model 10: 0.0| model 11: 0.0| model 12: 0.0| model 13: 0.0| model 14: 0.0| model 15: 0.7| model 16: 0.0| model 17: 0.5| model 18: 0.0| model 19: 0.0| model 20: 0.0| model 21: 0.0| model 22: 0.6| model 23: 0.0| model 24: 0.0| model 25: 0.0| model 26: 0.0| 
                                                           dL:   13.68
                                                           dm:    0.66
                                                           dx:    0.85
Iteration 12
	model frequencies (percent)
	model 1: 36.6| model 2: 45.1| model 3: 18.1| model 4: 0.0| model 5: 0.0| model 6: 0.0| model 7: 0.0| model 8: 0.0| model 9: 0.0| model 10: 0.0| model 11: 0.0| model 12: 0.0| model 13: 0.0| model 14: 0.0| model 15: 0.1| model 16: 0.0| model 17: 0.2| model 18: 0.0| model 19: 0.0| model 20: 0.0| model 21: 0.0| model 22: 0.0| model 23: 0.0| model 24: 0.0| model 25: 0.0| model 26: 0.0| 
                                                           dL:   13.42
                                                           dm:    0.63
                                                           dx:    0.77
Iteration 13
	model frequencies (percent)
	model 1: 37.5| model 2: 44.5| model 3: 18.0| model 4: 0.0| model 5: 0.0| model 6: 0.0| model 7: 0.0| model 8: 0.0| model 9: 0.0| model 10: 0.0| model 11: 0.0| model 12: 0.0| model 13: 0.0| model 14: 0.0| model 15: 0.0| model 16: 0.0| model 17: 0.0| model 18: 0.0| model 19: 0.0| model 20: 0.0| model 21: 0.0| model 22: 0.0| model 23: 0.0| model 24: 0.0| model 25: 0.0| model 26: 0.0| 
                                                           dL:    3.96
                                                           dm:    0.60
                                                           dx:    0.46
Iteration 14
	model frequencies (percent)
	model 1: 38.1| model 2: 43.9| model 3: 17.9| model 4: 0.0| model 5: 0.0| model 6: 0.0| model 7: 0.0| model 8: 0.0| model 9: 0.0| model 10: 0.0| model 11: 0.0| model 12: 0.0| model 13: 0.0| model 14: 0.0| model 15: 0.0| model 16: 0.0| model 17: 0.0| model 18: 0.0| model 19: 0.0| model 20: 0.0| model 21: 0.0| model 22: 0.0| model 23: 0.0| model 24: 0.0| model 25: 0.0| model 26: 0.0| 
                                                           dL:    0.71
                                                           dm:    0.53
                                                           dx:    0.20
Iteration 15
	model frequencies (percent)
	model 1: 38.6| model 2: 43.5| model 3: 17.9| model 4: 0.0| model 5: 0.0| model 6: 0.0| model 7: 0.0| model 8: 0.0| model 9: 0.0| model 10: 0.0| model 11: 0.0| model 12: 0.0| model 13: 0.0| model 14: 0.0| model 15: 0.0| model 16: 0.0| model 17: 0.0| model 18: 0.0| model 19: 0.0| model 20: 0.0| model 21: 0.0| model 22: 0.0| model 23: 0.0| model 24: 0.0| model 25: 0.0| model 26: 0.0| 
                                                           dL:    0.47
                                                           dm:    0.43
                                                           dx:    0.01
                                                          Converged :]
